build / windows-x86_64	UNKNOWN STEP	﻿2026-04-24T21:58:05.9184221Z Current runner version: '2.334.0'
build / windows-x86_64	UNKNOWN STEP	2026-04-24T21:58:05.9222077Z ##[group]Runner Image Provisioner
build / windows-x86_64	UNKNOWN STEP	2026-04-24T21:58:05.9223907Z Hosted Compute Agent
build / windows-x86_64	UNKNOWN STEP	2026-04-24T21:58:05.9224614Z Version: 20260213.493
build / windows-x86_64	UNKNOWN STEP	2026-04-24T21:58:05.9225468Z Commit: 5c115507f6dd24b8de37d8bbe0bb4509d0cc0fa3
build / windows-x86_64	UNKNOWN STEP	2026-04-24T21:58:05.9226402Z Build Date: 2026-02-13T00:28:41Z
build / windows-x86_64	UNKNOWN STEP	2026-04-24T21:58:05.9227383Z Worker ID: {11a29e3f-c32c-447e-a728-9db7d5139213}
build / windows-x86_64	UNKNOWN STEP	2026-04-24T21:58:05.9228343Z Azure Region: eastus
build / windows-x86_64	UNKNOWN STEP	2026-04-24T21:58:05.9228999Z ##[endgroup]
build / windows-x86_64	UNKNOWN STEP	2026-04-24T21:58:05.9231190Z ##[group]Operating System
build / windows-x86_64	UNKNOWN STEP	2026-04-24T21:58:05.9232041Z Microsoft Windows Server 2025
build / windows-x86_64	UNKNOWN STEP	2026-04-24T21:58:05.9232828Z 10.0.26100
build / windows-x86_64	UNKNOWN STEP	2026-04-24T21:58:05.9233449Z Datacenter
build / windows-x86_64	UNKNOWN STEP	2026-04-24T21:58:05.9234091Z ##[endgroup]
build / windows-x86_64	UNKNOWN STEP	2026-04-24T21:58:05.9234675Z ##[group]Runner Image
build / windows-x86_64	UNKNOWN STEP	2026-04-24T21:58:05.9235448Z Image: windows-2025
build / windows-x86_64	UNKNOWN STEP	2026-04-24T21:58:05.9236153Z Version: 20260413.84.1
build / windows-x86_64	UNKNOWN STEP	2026-04-24T21:58:05.9238248Z Included Software: https://github.com/actions/runner-images/blob/win25/20260413.84/images/windows/Windows2025-Readme.md
build / windows-x86_64	UNKNOWN STEP	2026-04-24T21:58:05.9240287Z Image Release: https://github.com/actions/runner-images/releases/tag/win25%2F20260413.84
build / windows-x86_64	UNKNOWN STEP	2026-04-24T21:58:05.9241206Z ##[endgroup]
build / windows-x86_64	UNKNOWN STEP	2026-04-24T21:58:05.9242227Z ##[group]GITHUB_TOKEN Permissions
build / windows-x86_64	UNKNOWN STEP	2026-04-24T21:58:05.9244511Z Contents: write
build / windows-x86_64	UNKNOWN STEP	2026-04-24T21:58:05.9245040Z Metadata: read
build / windows-x86_64	UNKNOWN STEP	2026-04-24T21:58:05.9245510Z ##[endgroup]
build / windows-x86_64	UNKNOWN STEP	2026-04-24T21:58:05.9247559Z Secret source: Actions
build / windows-x86_64	UNKNOWN STEP	2026-04-24T21:58:05.9248728Z Prepare workflow directory
build / windows-x86_64	UNKNOWN STEP	2026-04-24T21:58:05.9654008Z Prepare all required actions
build / windows-x86_64	UNKNOWN STEP	2026-04-24T21:58:05.9694193Z Getting action download info
build / windows-x86_64	UNKNOWN STEP	2026-04-24T21:58:06.2322535Z Download action repository 'actions/checkout@v4' (SHA:34e114876b0b11c390a56381ad16ebd13914f8d5)
build / windows-x86_64	UNKNOWN STEP	2026-04-24T21:58:06.4029516Z Download action repository 'actions/setup-python@v5' (SHA:a26af69be951a213d495a4c3e4e4022e16d87065)
build / windows-x86_64	UNKNOWN STEP	2026-04-24T21:58:06.6432242Z Download action repository 'actions/upload-artifact@v4' (SHA:ea165f8d65b6e75b540449e92b4886f43607fa02)
build / windows-x86_64	UNKNOWN STEP	2026-04-24T21:58:07.0729195Z Complete job name: build / windows-x86_64
build / windows-x86_64	UNKNOWN STEP	2026-04-24T21:58:07.2380234Z ##[group]Run actions/checkout@v4
build / windows-x86_64	UNKNOWN STEP	2026-04-24T21:58:07.2381704Z with:
build / windows-x86_64	UNKNOWN STEP	2026-04-24T21:58:07.2382556Z   repository: BioSensorsLab-Illinois/MantisAnalysis
build / windows-x86_64	UNKNOWN STEP	2026-04-24T21:58:07.2383949Z   token: ***
build / windows-x86_64	UNKNOWN STEP	2026-04-24T21:58:07.2384677Z   ssh-strict: true
build / windows-x86_64	UNKNOWN STEP	2026-04-24T21:58:07.2385377Z   ssh-user: git
build / windows-x86_64	UNKNOWN STEP	2026-04-24T21:58:07.2386105Z   persist-credentials: true
build / windows-x86_64	UNKNOWN STEP	2026-04-24T21:58:07.2386888Z   clean: true
build / windows-x86_64	UNKNOWN STEP	2026-04-24T21:58:07.2387607Z   sparse-checkout-cone-mode: true
build / windows-x86_64	UNKNOWN STEP	2026-04-24T21:58:07.2388464Z   fetch-depth: 1
build / windows-x86_64	UNKNOWN STEP	2026-04-24T21:58:07.2389147Z   fetch-tags: false
build / windows-x86_64	UNKNOWN STEP	2026-04-24T21:58:07.2389857Z   show-progress: true
build / windows-x86_64	UNKNOWN STEP	2026-04-24T21:58:07.2390584Z   lfs: false
build / windows-x86_64	UNKNOWN STEP	2026-04-24T21:58:07.2391259Z   submodules: false
build / windows-x86_64	UNKNOWN STEP	2026-04-24T21:58:07.2391977Z   set-safe-directory: true
build / windows-x86_64	UNKNOWN STEP	2026-04-24T21:58:07.2393034Z ##[endgroup]
build / windows-x86_64	UNKNOWN STEP	2026-04-24T21:58:07.4085223Z Syncing repository: BioSensorsLab-Illinois/MantisAnalysis
build / windows-x86_64	UNKNOWN STEP	2026-04-24T21:58:07.4088241Z ##[group]Getting Git version info
build / windows-x86_64	UNKNOWN STEP	2026-04-24T21:58:07.4089492Z Working directory is 'D:\a\MantisAnalysis\MantisAnalysis'
build / windows-x86_64	UNKNOWN STEP	2026-04-24T21:58:07.4884412Z [command]"C:\Program Files\Git\bin\git.exe" version
build / windows-x86_64	UNKNOWN STEP	2026-04-24T21:58:07.8214566Z git version 2.53.0.windows.2
build / windows-x86_64	UNKNOWN STEP	2026-04-24T21:58:07.8267886Z ##[endgroup]
build / windows-x86_64	UNKNOWN STEP	2026-04-24T21:58:07.8291276Z Temporarily overriding HOME='D:\a\_temp\6ad77abc-aec2-47f9-b168-0eec18432ca2' before making global git config changes
build / windows-x86_64	UNKNOWN STEP	2026-04-24T21:58:07.8293528Z Adding repository directory to the temporary git global config as a safe directory
build / windows-x86_64	UNKNOWN STEP	2026-04-24T21:58:07.8303381Z [command]"C:\Program Files\Git\bin\git.exe" config --global --add safe.directory D:\a\MantisAnalysis\MantisAnalysis
build / windows-x86_64	UNKNOWN STEP	2026-04-24T21:58:07.8911599Z Deleting the contents of 'D:\a\MantisAnalysis\MantisAnalysis'
build / windows-x86_64	UNKNOWN STEP	2026-04-24T21:58:07.8918570Z ##[group]Initializing the repository
build / windows-x86_64	UNKNOWN STEP	2026-04-24T21:58:07.8929618Z [command]"C:\Program Files\Git\bin\git.exe" init D:\a\MantisAnalysis\MantisAnalysis
build / windows-x86_64	UNKNOWN STEP	2026-04-24T21:58:07.9817983Z Initialized empty Git repository in D:/a/MantisAnalysis/MantisAnalysis/.git/
build / windows-x86_64	UNKNOWN STEP	2026-04-24T21:58:07.9875215Z [command]"C:\Program Files\Git\bin\git.exe" remote add origin https://github.com/BioSensorsLab-Illinois/MantisAnalysis
build / windows-x86_64	UNKNOWN STEP	2026-04-24T21:58:08.0423759Z ##[endgroup]
build / windows-x86_64	UNKNOWN STEP	2026-04-24T21:58:08.0425280Z ##[group]Disabling automatic garbage collection
build / windows-x86_64	UNKNOWN STEP	2026-04-24T21:58:08.0436465Z [command]"C:\Program Files\Git\bin\git.exe" config --local gc.auto 0
build / windows-x86_64	UNKNOWN STEP	2026-04-24T21:58:08.0757054Z ##[endgroup]
build / windows-x86_64	UNKNOWN STEP	2026-04-24T21:58:08.0758267Z ##[group]Setting up auth
build / windows-x86_64	UNKNOWN STEP	2026-04-24T21:58:08.0777358Z [command]"C:\Program Files\Git\bin\git.exe" config --local --name-only --get-regexp core\.sshCommand
build / windows-x86_64	UNKNOWN STEP	2026-04-24T21:58:08.1114921Z [command]"C:\Program Files\Git\bin\git.exe" submodule foreach --recursive "sh -c \"git config --local --name-only --get-regexp 'core\.sshCommand' && git config --local --unset-all 'core.sshCommand' || :\""
build / windows-x86_64	UNKNOWN STEP	2026-04-24T21:58:09.5216672Z [command]"C:\Program Files\Git\bin\git.exe" config --local --name-only --get-regexp http\.https\:\/\/github\.com\/\.extraheader
build / windows-x86_64	UNKNOWN STEP	2026-04-24T21:58:09.5544819Z [command]"C:\Program Files\Git\bin\git.exe" submodule foreach --recursive "sh -c \"git config --local --name-only --get-regexp 'http\.https\:\/\/github\.com\/\.extraheader' && git config --local --unset-all 'http.https://github.com/.extraheader' || :\""
build / windows-x86_64	UNKNOWN STEP	2026-04-24T21:58:10.1160734Z [command]"C:\Program Files\Git\bin\git.exe" config --local --name-only --get-regexp ^includeIf\.gitdir:
build / windows-x86_64	UNKNOWN STEP	2026-04-24T21:58:10.1488247Z [command]"C:\Program Files\Git\bin\git.exe" submodule foreach --recursive "git config --local --show-origin --name-only --get-regexp remote.origin.url"
build / windows-x86_64	UNKNOWN STEP	2026-04-24T21:58:10.7082946Z [command]"C:\Program Files\Git\bin\git.exe" config --local http.https://github.com/.extraheader "AUTHORIZATION: basic ***"
build / windows-x86_64	UNKNOWN STEP	2026-04-24T21:58:10.7419147Z ##[endgroup]
build / windows-x86_64	UNKNOWN STEP	2026-04-24T21:58:10.7419760Z ##[group]Fetching the repository
build / windows-x86_64	UNKNOWN STEP	2026-04-24T21:58:10.7438022Z [command]"C:\Program Files\Git\bin\git.exe" -c protocol.version=2 fetch --no-tags --prune --no-recurse-submodules --depth=1 origin +d90eb9cd603d46766414da8c91dabb2c516993a4:refs/remotes/origin/main
build / windows-x86_64	UNKNOWN STEP	2026-04-24T21:58:11.6010759Z From https://github.com/BioSensorsLab-Illinois/MantisAnalysis
build / windows-x86_64	UNKNOWN STEP	2026-04-24T21:58:11.6011479Z  * [new ref]         d90eb9cd603d46766414da8c91dabb2c516993a4 -> origin/main
build / windows-x86_64	UNKNOWN STEP	2026-04-24T21:58:11.6419988Z ##[endgroup]
build / windows-x86_64	UNKNOWN STEP	2026-04-24T21:58:11.6420526Z ##[group]Determining the checkout info
build / windows-x86_64	UNKNOWN STEP	2026-04-24T21:58:11.6423509Z ##[endgroup]
build / windows-x86_64	UNKNOWN STEP	2026-04-24T21:58:11.6436080Z [command]"C:\Program Files\Git\bin\git.exe" sparse-checkout disable
build / windows-x86_64	UNKNOWN STEP	2026-04-24T21:58:11.6919513Z [command]"C:\Program Files\Git\bin\git.exe" config --local --unset-all extensions.worktreeConfig
build / windows-x86_64	UNKNOWN STEP	2026-04-24T21:58:11.7303804Z ##[group]Checking out the ref
build / windows-x86_64	UNKNOWN STEP	2026-04-24T21:58:11.7316733Z [command]"C:\Program Files\Git\bin\git.exe" checkout --progress --force -B main refs/remotes/origin/main
build / windows-x86_64	UNKNOWN STEP	2026-04-24T21:58:11.8376647Z Switched to a new branch 'main'
build / windows-x86_64	UNKNOWN STEP	2026-04-24T21:58:11.8432372Z branch 'main' set up to track 'origin/main'.
build / windows-x86_64	UNKNOWN STEP	2026-04-24T21:58:11.8485113Z ##[endgroup]
build / windows-x86_64	UNKNOWN STEP	2026-04-24T21:58:11.8913834Z [command]"C:\Program Files\Git\bin\git.exe" log -1 --format=%H
build / windows-x86_64	UNKNOWN STEP	2026-04-24T21:58:11.9215215Z d90eb9cd603d46766414da8c91dabb2c516993a4
build / windows-x86_64	UNKNOWN STEP	2026-04-24T21:58:11.9664560Z ##[group]Run actions/setup-python@v5
build / windows-x86_64	UNKNOWN STEP	2026-04-24T21:58:11.9664917Z with:
build / windows-x86_64	UNKNOWN STEP	2026-04-24T21:58:11.9665101Z   python-version: 3.12
build / windows-x86_64	UNKNOWN STEP	2026-04-24T21:58:11.9665318Z   cache: pip
build / windows-x86_64	UNKNOWN STEP	2026-04-24T21:58:11.9666159Z   check-latest: false
build / windows-x86_64	UNKNOWN STEP	2026-04-24T21:58:11.9666648Z   token: ***
build / windows-x86_64	UNKNOWN STEP	2026-04-24T21:58:11.9666892Z   update-environment: true
build / windows-x86_64	UNKNOWN STEP	2026-04-24T21:58:11.9667136Z   allow-prereleases: false
build / windows-x86_64	UNKNOWN STEP	2026-04-24T21:58:11.9667525Z   freethreaded: false
build / windows-x86_64	UNKNOWN STEP	2026-04-24T21:58:11.9667750Z ##[endgroup]
build / windows-x86_64	UNKNOWN STEP	2026-04-24T21:58:12.1959119Z ##[group]Installed versions
build / windows-x86_64	UNKNOWN STEP	2026-04-24T21:58:12.2164820Z Successfully set up CPython (3.12.10)
build / windows-x86_64	UNKNOWN STEP	2026-04-24T21:58:12.2165921Z ##[endgroup]
build / windows-x86_64	UNKNOWN STEP	2026-04-24T21:58:20.5858694Z Cache hit for: setup-python-Windows-x64-python-3.12.10-pip-b19d1168ab9257f6b1cbd3f73ae64d727b9b6274ea1911eb57c9ce69d56b4c08
build / windows-x86_64	UNKNOWN STEP	2026-04-24T21:58:21.6464512Z Received 163577856 of 358935608 (45.6%), 155.1 MBs/sec
build / windows-x86_64	UNKNOWN STEP	2026-04-24T21:58:22.6389937Z Received 358935608 of 358935608 (100.0%), 171.2 MBs/sec
build / windows-x86_64	UNKNOWN STEP	2026-04-24T21:58:22.6394348Z Cache Size: ~342 MB (358935608 B)
build / windows-x86_64	UNKNOWN STEP	2026-04-24T21:58:22.6490397Z [command]"C:\Program Files\Git\usr\bin\tar.exe" -xf D:/a/_temp/b19f8b17-cb59-4607-9dde-52857c6bcf0e/cache.tzst -P -C D:/a/MantisAnalysis/MantisAnalysis --force-local --use-compress-program "zstd -d"
build / windows-x86_64	UNKNOWN STEP	2026-04-24T21:58:25.3870477Z Cache restored successfully
build / windows-x86_64	UNKNOWN STEP	2026-04-24T21:58:25.4082913Z Cache restored from key: setup-python-Windows-x64-python-3.12.10-pip-b19d1168ab9257f6b1cbd3f73ae64d727b9b6274ea1911eb57c9ce69d56b4c08
build / windows-x86_64	UNKNOWN STEP	2026-04-24T21:58:25.4506883Z ##[group]Run python -m pip install --upgrade pip wheel setuptools
build / windows-x86_64	UNKNOWN STEP	2026-04-24T21:58:25.4574852Z [36;1mpython -m pip install --upgrade pip wheel setuptools[0m
build / windows-x86_64	UNKNOWN STEP	2026-04-24T21:58:25.4575318Z [36;1mpython -m pip install -e .[build][0m
build / windows-x86_64	UNKNOWN STEP	2026-04-24T21:58:25.4599596Z shell: C:\Program Files\Git\bin\bash.EXE --noprofile --norc -e -o pipefail {0}
build / windows-x86_64	UNKNOWN STEP	2026-04-24T21:58:25.4600000Z env:
build / windows-x86_64	UNKNOWN STEP	2026-04-24T21:58:25.4600264Z   pythonLocation: C:\hostedtoolcache\windows\Python\3.12.10\x64
build / windows-x86_64	UNKNOWN STEP	2026-04-24T21:58:25.4600707Z   PKG_CONFIG_PATH: C:\hostedtoolcache\windows\Python\3.12.10\x64/lib/pkgconfig
build / windows-x86_64	UNKNOWN STEP	2026-04-24T21:58:25.4601136Z   Python_ROOT_DIR: C:\hostedtoolcache\windows\Python\3.12.10\x64
build / windows-x86_64	UNKNOWN STEP	2026-04-24T21:58:25.4601510Z   Python2_ROOT_DIR: C:\hostedtoolcache\windows\Python\3.12.10\x64
build / windows-x86_64	UNKNOWN STEP	2026-04-24T21:58:25.4601876Z   Python3_ROOT_DIR: C:\hostedtoolcache\windows\Python\3.12.10\x64
build / windows-x86_64	UNKNOWN STEP	2026-04-24T21:58:25.4602152Z ##[endgroup]
build / windows-x86_64	UNKNOWN STEP	2026-04-24T21:58:29.4659935Z Requirement already satisfied: pip in C:\hostedtoolcache\windows\Python\3.12.10\x64\Lib\site-packages (26.0.1)
build / windows-x86_64	UNKNOWN STEP	2026-04-24T21:58:30.0128356Z Collecting wheel
build / windows-x86_64	UNKNOWN STEP	2026-04-24T21:58:30.0158776Z   Using cached wheel-0.47.0-py3-none-any.whl.metadata (2.3 kB)
build / windows-x86_64	UNKNOWN STEP	2026-04-24T21:58:30.1337768Z Collecting setuptools
build / windows-x86_64	UNKNOWN STEP	2026-04-24T21:58:30.1365116Z   Using cached setuptools-82.0.1-py3-none-any.whl.metadata (6.5 kB)
build / windows-x86_64	UNKNOWN STEP	2026-04-24T21:58:30.1627335Z Requirement already satisfied: packaging>=24.0 in C:\hostedtoolcache\windows\Python\3.12.10\x64\Lib\site-packages (from wheel) (26.0)
build / windows-x86_64	UNKNOWN STEP	2026-04-24T21:58:30.2100847Z Using cached wheel-0.47.0-py3-none-any.whl (32 kB)
build / windows-x86_64	UNKNOWN STEP	2026-04-24T21:58:30.2119936Z Using cached setuptools-82.0.1-py3-none-any.whl (1.0 MB)
build / windows-x86_64	UNKNOWN STEP	2026-04-24T21:58:30.8005240Z Installing collected packages: wheel, setuptools
build / windows-x86_64	UNKNOWN STEP	2026-04-24T21:58:32.7012259Z 
build / windows-x86_64	UNKNOWN STEP	2026-04-24T21:58:32.7028617Z Successfully installed setuptools-82.0.1 wheel-0.47.0
build / windows-x86_64	UNKNOWN STEP	2026-04-24T21:58:34.0127488Z Obtaining file:///D:/a/MantisAnalysis/MantisAnalysis
build / windows-x86_64	UNKNOWN STEP	2026-04-24T21:58:34.0166990Z   Installing build dependencies: started
build / windows-x86_64	UNKNOWN STEP	2026-04-24T21:58:36.7486604Z   Installing build dependencies: finished with status 'done'
build / windows-x86_64	UNKNOWN STEP	2026-04-24T21:58:36.7505643Z   Checking if build backend supports build_editable: started
build / windows-x86_64	UNKNOWN STEP	2026-04-24T21:58:37.5706022Z   Checking if build backend supports build_editable: finished with status 'done'
build / windows-x86_64	UNKNOWN STEP	2026-04-24T21:58:37.5734256Z   Getting requirements to build editable: started
build / windows-x86_64	UNKNOWN STEP	2026-04-24T21:58:38.2138962Z   Getting requirements to build editable: finished with status 'done'
build / windows-x86_64	UNKNOWN STEP	2026-04-24T21:58:38.2173671Z   Preparing editable metadata (pyproject.toml): started
build / windows-x86_64	UNKNOWN STEP	2026-04-24T21:58:38.5637926Z   Preparing editable metadata (pyproject.toml): finished with status 'done'
build / windows-x86_64	UNKNOWN STEP	2026-04-24T21:58:38.8734601Z Collecting h5py>=3.0 (from mantisanalysis==0.2.0)
build / windows-x86_64	UNKNOWN STEP	2026-04-24T21:58:38.8761287Z   Using cached h5py-3.16.0-cp312-cp312-win_amd64.whl.metadata (3.1 kB)
build / windows-x86_64	UNKNOWN STEP	2026-04-24T21:58:39.0656195Z Collecting numpy>=1.24 (from mantisanalysis==0.2.0)
build / windows-x86_64	UNKNOWN STEP	2026-04-24T21:58:39.0690072Z   Using cached numpy-2.4.4-cp312-cp312-win_amd64.whl.metadata (6.6 kB)
build / windows-x86_64	UNKNOWN STEP	2026-04-24T21:58:39.1865909Z Collecting scipy>=1.10 (from mantisanalysis==0.2.0)
build / windows-x86_64	UNKNOWN STEP	2026-04-24T21:58:39.1889950Z   Using cached scipy-1.17.1-cp312-cp312-win_amd64.whl.metadata (60 kB)
build / windows-x86_64	UNKNOWN STEP	2026-04-24T21:58:39.4491154Z Collecting matplotlib>=3.7 (from mantisanalysis==0.2.0)
build / windows-x86_64	UNKNOWN STEP	2026-04-24T21:58:39.4535023Z   Using cached matplotlib-3.10.9-cp312-cp312-win_amd64.whl.metadata (52 kB)
build / windows-x86_64	UNKNOWN STEP	2026-04-24T21:58:39.6632810Z Collecting Pillow>=10.0 (from mantisanalysis==0.2.0)
build / windows-x86_64	UNKNOWN STEP	2026-04-24T21:58:39.6657800Z   Using cached pillow-12.2.0-cp312-cp312-win_amd64.whl.metadata (9.0 kB)
build / windows-x86_64	UNKNOWN STEP	2026-04-24T21:58:39.7048354Z Collecting tifffile>=2023.0 (from mantisanalysis==0.2.0)
build / windows-x86_64	UNKNOWN STEP	2026-04-24T21:58:39.7073683Z   Using cached tifffile-2026.4.11-py3-none-any.whl.metadata (31 kB)
build / windows-x86_64	UNKNOWN STEP	2026-04-24T21:58:39.7588681Z Collecting fastapi>=0.110 (from mantisanalysis==0.2.0)
build / windows-x86_64	UNKNOWN STEP	2026-04-24T21:58:39.7671353Z   Using cached fastapi-0.136.1-py3-none-any.whl.metadata (28 kB)
build / windows-x86_64	UNKNOWN STEP	2026-04-24T21:58:39.8023857Z Collecting uvicorn>=0.27 (from uvicorn[standard]>=0.27->mantisanalysis==0.2.0)
build / windows-x86_64	UNKNOWN STEP	2026-04-24T21:58:39.8046387Z   Using cached uvicorn-0.46.0-py3-none-any.whl.metadata (6.7 kB)
build / windows-x86_64	UNKNOWN STEP	2026-04-24T21:58:39.8329269Z Collecting python-multipart>=0.0.9 (from mantisanalysis==0.2.0)
build / windows-x86_64	UNKNOWN STEP	2026-04-24T21:58:39.8352213Z   Using cached python_multipart-0.0.26-py3-none-any.whl.metadata (2.1 kB)
build / windows-x86_64	UNKNOWN STEP	2026-04-24T21:58:39.9729726Z Collecting pydantic>=2.5 (from mantisanalysis==0.2.0)
build / windows-x86_64	UNKNOWN STEP	2026-04-24T21:58:39.9755132Z   Using cached pydantic-2.13.3-py3-none-any.whl.metadata (108 kB)
build / windows-x86_64	UNKNOWN STEP	2026-04-24T21:58:40.0467384Z Collecting pyinstaller>=6.6 (from mantisanalysis==0.2.0)
build / windows-x86_64	UNKNOWN STEP	2026-04-24T21:58:40.2704122Z   Downloading pyinstaller-6.20.0-py3-none-win_amd64.whl.metadata (8.5 kB)
build / windows-x86_64	UNKNOWN STEP	2026-04-24T21:58:40.3292308Z Collecting starlette>=0.46.0 (from fastapi>=0.110->mantisanalysis==0.2.0)
build / windows-x86_64	UNKNOWN STEP	2026-04-24T21:58:40.3317796Z   Using cached starlette-1.0.0-py3-none-any.whl.metadata (6.3 kB)
build / windows-x86_64	UNKNOWN STEP	2026-04-24T21:58:40.3653915Z Collecting typing-extensions>=4.8.0 (from fastapi>=0.110->mantisanalysis==0.2.0)
build / windows-x86_64	UNKNOWN STEP	2026-04-24T21:58:40.3678644Z   Using cached typing_extensions-4.15.0-py3-none-any.whl.metadata (3.3 kB)
build / windows-x86_64	UNKNOWN STEP	2026-04-24T21:58:40.3888591Z Collecting typing-inspection>=0.4.2 (from fastapi>=0.110->mantisanalysis==0.2.0)
build / windows-x86_64	UNKNOWN STEP	2026-04-24T21:58:40.3914219Z   Using cached typing_inspection-0.4.2-py3-none-any.whl.metadata (2.6 kB)
build / windows-x86_64	UNKNOWN STEP	2026-04-24T21:58:40.4235328Z Collecting annotated-doc>=0.0.2 (from fastapi>=0.110->mantisanalysis==0.2.0)
build / windows-x86_64	UNKNOWN STEP	2026-04-24T21:58:40.4259641Z   Using cached annotated_doc-0.0.4-py3-none-any.whl.metadata (6.6 kB)
build / windows-x86_64	UNKNOWN STEP	2026-04-24T21:58:40.4969153Z Collecting contourpy>=1.0.1 (from matplotlib>=3.7->mantisanalysis==0.2.0)
build / windows-x86_64	UNKNOWN STEP	2026-04-24T21:58:40.4997641Z   Using cached contourpy-1.3.3-cp312-cp312-win_amd64.whl.metadata (5.5 kB)
build / windows-x86_64	UNKNOWN STEP	2026-04-24T21:58:40.5671687Z Collecting cycler>=0.10 (from matplotlib>=3.7->mantisanalysis==0.2.0)
build / windows-x86_64	UNKNOWN STEP	2026-04-24T21:58:40.5717755Z   Using cached cycler-0.12.1-py3-none-any.whl.metadata (3.8 kB)
build / windows-x86_64	UNKNOWN STEP	2026-04-24T21:58:40.7083031Z Collecting fonttools>=4.22.0 (from matplotlib>=3.7->mantisanalysis==0.2.0)
build / windows-x86_64	UNKNOWN STEP	2026-04-24T21:58:40.7134820Z   Using cached fonttools-4.62.1-cp312-cp312-win_amd64.whl.metadata (119 kB)
build / windows-x86_64	UNKNOWN STEP	2026-04-24T21:58:40.7948459Z Collecting kiwisolver>=1.3.1 (from matplotlib>=3.7->mantisanalysis==0.2.0)
build / windows-x86_64	UNKNOWN STEP	2026-04-24T21:58:40.7976634Z   Using cached kiwisolver-1.5.0-cp312-cp312-win_amd64.whl.metadata (5.2 kB)
build / windows-x86_64	UNKNOWN STEP	2026-04-24T21:58:40.8050808Z Requirement already satisfied: packaging>=20.0 in C:\hostedtoolcache\windows\Python\3.12.10\x64\Lib\site-packages (from matplotlib>=3.7->mantisanalysis==0.2.0) (26.0)
build / windows-x86_64	UNKNOWN STEP	2026-04-24T21:58:40.8406650Z Collecting pyparsing>=3 (from matplotlib>=3.7->mantisanalysis==0.2.0)
build / windows-x86_64	UNKNOWN STEP	2026-04-24T21:58:40.8432474Z   Using cached pyparsing-3.3.2-py3-none-any.whl.metadata (5.8 kB)
build / windows-x86_64	UNKNOWN STEP	2026-04-24T21:58:40.8692738Z Collecting python-dateutil>=2.7 (from matplotlib>=3.7->mantisanalysis==0.2.0)
build / windows-x86_64	UNKNOWN STEP	2026-04-24T21:58:40.8714951Z   Using cached python_dateutil-2.9.0.post0-py2.py3-none-any.whl.metadata (8.4 kB)
build / windows-x86_64	UNKNOWN STEP	2026-04-24T21:58:40.9008015Z Collecting annotated-types>=0.6.0 (from pydantic>=2.5->mantisanalysis==0.2.0)
build / windows-x86_64	UNKNOWN STEP	2026-04-24T21:58:40.9031399Z   Using cached annotated_types-0.7.0-py3-none-any.whl.metadata (15 kB)
build / windows-x86_64	UNKNOWN STEP	2026-04-24T21:58:41.5155546Z Collecting pydantic-core==2.46.3 (from pydantic>=2.5->mantisanalysis==0.2.0)
build / windows-x86_64	UNKNOWN STEP	2026-04-24T21:58:41.5179858Z   Using cached pydantic_core-2.46.3-cp312-cp312-win_amd64.whl.metadata (6.7 kB)
build / windows-x86_64	UNKNOWN STEP	2026-04-24T21:58:41.5553366Z Collecting altgraph (from pyinstaller>=6.6->mantisanalysis==0.2.0)
build / windows-x86_64	UNKNOWN STEP	2026-04-24T21:58:41.5608644Z   Downloading altgraph-0.17.5-py2.py3-none-any.whl.metadata (7.5 kB)
build / windows-x86_64	UNKNOWN STEP	2026-04-24T21:58:41.6142330Z Collecting pefile>=2022.5.30 (from pyinstaller>=6.6->mantisanalysis==0.2.0)
build / windows-x86_64	UNKNOWN STEP	2026-04-24T21:58:41.6221099Z   Downloading pefile-2024.8.26-py3-none-any.whl.metadata (1.4 kB)
build / windows-x86_64	UNKNOWN STEP	2026-04-24T21:58:41.6749186Z Collecting pyinstaller-hooks-contrib>=2026.4 (from pyinstaller>=6.6->mantisanalysis==0.2.0)
build / windows-x86_64	UNKNOWN STEP	2026-04-24T21:58:41.6813894Z   Downloading pyinstaller_hooks_contrib-2026.4-py3-none-any.whl.metadata (16 kB)
build / windows-x86_64	UNKNOWN STEP	2026-04-24T21:58:41.7429078Z Collecting pywin32-ctypes>=0.2.1 (from pyinstaller>=6.6->mantisanalysis==0.2.0)
build / windows-x86_64	UNKNOWN STEP	2026-04-24T21:58:41.7476248Z   Downloading pywin32_ctypes-0.2.3-py3-none-any.whl.metadata (3.9 kB)
build / windows-x86_64	UNKNOWN STEP	2026-04-24T21:58:41.7701924Z Requirement already satisfied: setuptools>=42.0.0 in C:\hostedtoolcache\windows\Python\3.12.10\x64\Lib\site-packages (from pyinstaller>=6.6->mantisanalysis==0.2.0) (82.0.1)
build / windows-x86_64	UNKNOWN STEP	2026-04-24T21:58:41.7944149Z Collecting six>=1.5 (from python-dateutil>=2.7->matplotlib>=3.7->mantisanalysis==0.2.0)
build / windows-x86_64	UNKNOWN STEP	2026-04-24T21:58:41.7971772Z   Using cached six-1.17.0-py2.py3-none-any.whl.metadata (1.7 kB)
build / windows-x86_64	UNKNOWN STEP	2026-04-24T21:58:41.8367323Z Collecting anyio<5,>=3.6.2 (from starlette>=0.46.0->fastapi>=0.110->mantisanalysis==0.2.0)
build / windows-x86_64	UNKNOWN STEP	2026-04-24T21:58:41.8393394Z   Using cached anyio-4.13.0-py3-none-any.whl.metadata (4.5 kB)
build / windows-x86_64	UNKNOWN STEP	2026-04-24T21:58:41.8643650Z Collecting idna>=2.8 (from anyio<5,>=3.6.2->starlette>=0.46.0->fastapi>=0.110->mantisanalysis==0.2.0)
build / windows-x86_64	UNKNOWN STEP	2026-04-24T21:58:41.8669311Z   Using cached idna-3.13-py3-none-any.whl.metadata (8.0 kB)
build / windows-x86_64	UNKNOWN STEP	2026-04-24T21:58:41.8776247Z Requirement already satisfied: click>=7.0 in C:\hostedtoolcache\windows\Python\3.12.10\x64\Lib\site-packages (from uvicorn>=0.27->uvicorn[standard]>=0.27->mantisanalysis==0.2.0) (8.3.2)
build / windows-x86_64	UNKNOWN STEP	2026-04-24T21:58:41.8980282Z Collecting h11>=0.8 (from uvicorn>=0.27->uvicorn[standard]>=0.27->mantisanalysis==0.2.0)
build / windows-x86_64	UNKNOWN STEP	2026-04-24T21:58:41.9001621Z   Using cached h11-0.16.0-py3-none-any.whl.metadata (8.3 kB)
build / windows-x86_64	UNKNOWN STEP	2026-04-24T21:58:41.9055489Z Requirement already satisfied: colorama in C:\hostedtoolcache\windows\Python\3.12.10\x64\Lib\site-packages (from click>=7.0->uvicorn>=0.27->uvicorn[standard]>=0.27->mantisanalysis==0.2.0) (0.4.6)
build / windows-x86_64	UNKNOWN STEP	2026-04-24T21:58:41.9394508Z Collecting httptools>=0.6.3 (from uvicorn[standard]>=0.27->mantisanalysis==0.2.0)
build / windows-x86_64	UNKNOWN STEP	2026-04-24T21:58:41.9418501Z   Using cached httptools-0.7.1-cp312-cp312-win_amd64.whl.metadata (3.6 kB)
build / windows-x86_64	UNKNOWN STEP	2026-04-24T21:58:41.9708991Z Collecting python-dotenv>=0.13 (from uvicorn[standard]>=0.27->mantisanalysis==0.2.0)
build / windows-x86_64	UNKNOWN STEP	2026-04-24T21:58:41.9731557Z   Using cached python_dotenv-1.2.2-py3-none-any.whl.metadata (27 kB)
build / windows-x86_64	UNKNOWN STEP	2026-04-24T21:58:42.0195016Z Collecting pyyaml>=5.1 (from uvicorn[standard]>=0.27->mantisanalysis==0.2.0)
build / windows-x86_64	UNKNOWN STEP	2026-04-24T21:58:42.0227739Z   Using cached pyyaml-6.0.3-cp312-cp312-win_amd64.whl.metadata (2.4 kB)
build / windows-x86_64	UNKNOWN STEP	2026-04-24T21:58:42.1907838Z Collecting watchfiles>=0.20 (from uvicorn[standard]>=0.27->mantisanalysis==0.2.0)
build / windows-x86_64	UNKNOWN STEP	2026-04-24T21:58:42.1980481Z   Using cached watchfiles-1.1.1-cp312-cp312-win_amd64.whl.metadata (5.0 kB)
build / windows-x86_64	UNKNOWN STEP	2026-04-24T21:58:42.2851664Z Collecting websockets>=10.4 (from uvicorn[standard]>=0.27->mantisanalysis==0.2.0)
build / windows-x86_64	UNKNOWN STEP	2026-04-24T21:58:42.2876264Z   Using cached websockets-16.0-cp312-cp312-win_amd64.whl.metadata (7.0 kB)
build / windows-x86_64	UNKNOWN STEP	2026-04-24T21:58:42.3014131Z Using cached fastapi-0.136.1-py3-none-any.whl (117 kB)
build / windows-x86_64	UNKNOWN STEP	2026-04-24T21:58:42.3035071Z Using cached annotated_doc-0.0.4-py3-none-any.whl (5.3 kB)
build / windows-x86_64	UNKNOWN STEP	2026-04-24T21:58:42.3072401Z Using cached h5py-3.16.0-cp312-cp312-win_amd64.whl (3.2 MB)
build / windows-x86_64	UNKNOWN STEP	2026-04-24T21:58:42.3108251Z Using cached matplotlib-3.10.9-cp312-cp312-win_amd64.whl (8.2 MB)
build / windows-x86_64	UNKNOWN STEP	2026-04-24T21:58:42.3165445Z Using cached contourpy-1.3.3-cp312-cp312-win_amd64.whl (226 kB)
build / windows-x86_64	UNKNOWN STEP	2026-04-24T21:58:42.3186765Z Using cached cycler-0.12.1-py3-none-any.whl (8.3 kB)
build / windows-x86_64	UNKNOWN STEP	2026-04-24T21:58:42.3204654Z Using cached fonttools-4.62.1-cp312-cp312-win_amd64.whl (2.3 MB)
build / windows-x86_64	UNKNOWN STEP	2026-04-24T21:58:42.3234092Z Using cached kiwisolver-1.5.0-cp312-cp312-win_amd64.whl (73 kB)
build / windows-x86_64	UNKNOWN STEP	2026-04-24T21:58:42.3253451Z Using cached numpy-2.4.4-cp312-cp312-win_amd64.whl (12.3 MB)
build / windows-x86_64	UNKNOWN STEP	2026-04-24T21:58:42.3336799Z Using cached pillow-12.2.0-cp312-cp312-win_amd64.whl (7.1 MB)
build / windows-x86_64	UNKNOWN STEP	2026-04-24T21:58:42.3389974Z Using cached pydantic-2.13.3-py3-none-any.whl (471 kB)
build / windows-x86_64	UNKNOWN STEP	2026-04-24T21:58:42.3413534Z Using cached pydantic_core-2.46.3-cp312-cp312-win_amd64.whl (2.1 MB)
build / windows-x86_64	UNKNOWN STEP	2026-04-24T21:58:42.3443640Z Using cached annotated_types-0.7.0-py3-none-any.whl (13 kB)
build / windows-x86_64	UNKNOWN STEP	2026-04-24T21:58:42.3536446Z Downloading pyinstaller-6.20.0-py3-none-win_amd64.whl (1.4 MB)
build / windows-x86_64	UNKNOWN STEP	2026-04-24T21:58:42.4583834Z    ---------------------------------------- 1.4/1.4 MB 36.4 MB/s  0:00:00
build / windows-x86_64	UNKNOWN STEP	2026-04-24T21:58:42.4654483Z Downloading pefile-2024.8.26-py3-none-any.whl (74 kB)
build / windows-x86_64	UNKNOWN STEP	2026-04-24T21:58:42.4978850Z Downloading pyinstaller_hooks_contrib-2026.4-py3-none-any.whl (455 kB)
build / windows-x86_64	UNKNOWN STEP	2026-04-24T21:58:42.5308356Z Using cached pyparsing-3.3.2-py3-none-any.whl (122 kB)
build / windows-x86_64	UNKNOWN STEP	2026-04-24T21:58:42.5332037Z Using cached python_dateutil-2.9.0.post0-py2.py3-none-any.whl (229 kB)
build / windows-x86_64	UNKNOWN STEP	2026-04-24T21:58:42.5353196Z Using cached python_multipart-0.0.26-py3-none-any.whl (28 kB)
build / windows-x86_64	UNKNOWN STEP	2026-04-24T21:58:42.5400848Z Downloading pywin32_ctypes-0.2.3-py3-none-any.whl (30 kB)
build / windows-x86_64	UNKNOWN STEP	2026-04-24T21:58:42.5683312Z Using cached scipy-1.17.1-cp312-cp312-win_amd64.whl (36.5 MB)
build / windows-x86_64	UNKNOWN STEP	2026-04-24T21:58:42.5883154Z Using cached six-1.17.0-py2.py3-none-any.whl (11 kB)
build / windows-x86_64	UNKNOWN STEP	2026-04-24T21:58:42.5930886Z Using cached starlette-1.0.0-py3-none-any.whl (72 kB)
build / windows-x86_64	UNKNOWN STEP	2026-04-24T21:58:42.5951796Z Using cached anyio-4.13.0-py3-none-any.whl (114 kB)
build / windows-x86_64	UNKNOWN STEP	2026-04-24T21:58:42.5974990Z Using cached idna-3.13-py3-none-any.whl (68 kB)
build / windows-x86_64	UNKNOWN STEP	2026-04-24T21:58:42.5999627Z Using cached tifffile-2026.4.11-py3-none-any.whl (248 kB)
build / windows-x86_64	UNKNOWN STEP	2026-04-24T21:58:42.6020551Z Using cached typing_extensions-4.15.0-py3-none-any.whl (44 kB)
build / windows-x86_64	UNKNOWN STEP	2026-04-24T21:58:42.6039239Z Using cached typing_inspection-0.4.2-py3-none-any.whl (14 kB)
build / windows-x86_64	UNKNOWN STEP	2026-04-24T21:58:42.6060146Z Using cached uvicorn-0.46.0-py3-none-any.whl (70 kB)
build / windows-x86_64	UNKNOWN STEP	2026-04-24T21:58:42.6078929Z Using cached h11-0.16.0-py3-none-any.whl (37 kB)
build / windows-x86_64	UNKNOWN STEP	2026-04-24T21:58:42.6099318Z Using cached httptools-0.7.1-cp312-cp312-win_amd64.whl (86 kB)
build / windows-x86_64	UNKNOWN STEP	2026-04-24T21:58:42.6118312Z Using cached python_dotenv-1.2.2-py3-none-any.whl (22 kB)
build / windows-x86_64	UNKNOWN STEP	2026-04-24T21:58:42.6140136Z Using cached pyyaml-6.0.3-cp312-cp312-win_amd64.whl (154 kB)
build / windows-x86_64	UNKNOWN STEP	2026-04-24T21:58:42.6202441Z Using cached watchfiles-1.1.1-cp312-cp312-win_amd64.whl (288 kB)
build / windows-x86_64	UNKNOWN STEP	2026-04-24T21:58:42.6256257Z Using cached websockets-16.0-cp312-cp312-win_amd64.whl (178 kB)
build / windows-x86_64	UNKNOWN STEP	2026-04-24T21:58:42.6301110Z Downloading altgraph-0.17.5-py2.py3-none-any.whl (21 kB)
build / windows-x86_64	UNKNOWN STEP	2026-04-24T21:58:42.8361678Z Building wheels for collected packages: mantisanalysis
build / windows-x86_64	UNKNOWN STEP	2026-04-24T21:58:42.8398248Z   Building editable for mantisanalysis (pyproject.toml): started
build / windows-x86_64	UNKNOWN STEP	2026-04-24T21:58:43.2083521Z   Building editable for mantisanalysis (pyproject.toml): finished with status 'done'
build / windows-x86_64	UNKNOWN STEP	2026-04-24T21:58:43.2128455Z   Created wheel for mantisanalysis: filename=mantisanalysis-0.2.0-0.editable-py3-none-any.whl size=9694 sha256=ccadbb55f0f2ba436515fdcdf2170896a576a903448d307d6529c1533c8af505
build / windows-x86_64	UNKNOWN STEP	2026-04-24T21:58:43.2130051Z   Stored in directory: C:\Users\runneradmin\AppData\Local\Temp\pip-ephem-wheel-cache-gfibwsfr\wheels\23\c1\d7\b028dadc61a7db876071a91c0dc613ec7322d3cd755efda2b5
build / windows-x86_64	UNKNOWN STEP	2026-04-24T21:58:43.2168030Z Successfully built mantisanalysis
build / windows-x86_64	UNKNOWN STEP	2026-04-24T21:58:43.3309996Z Installing collected packages: altgraph, websockets, typing-extensions, six, pyyaml, pywin32-ctypes, python-multipart, python-dotenv, pyparsing, pyinstaller-hooks-contrib, Pillow, pefile, numpy, kiwisolver, idna, httptools, h11, fonttools, cycler, annotated-types, annotated-doc, uvicorn, typing-inspection, tifffile, scipy, python-dateutil, pyinstaller, pydantic-core, h5py, contourpy, anyio, watchfiles, starlette, pydantic, matplotlib, fastapi, mantisanalysis
build / windows-x86_64	UNKNOWN STEP	2026-04-24T21:59:12.0759456Z 
build / windows-x86_64	UNKNOWN STEP	2026-04-24T21:59:12.0803293Z Successfully installed Pillow-12.2.0 altgraph-0.17.5 annotated-doc-0.0.4 annotated-types-0.7.0 anyio-4.13.0 contourpy-1.3.3 cycler-0.12.1 fastapi-0.136.1 fonttools-4.62.1 h11-0.16.0 h5py-3.16.0 httptools-0.7.1 idna-3.13 kiwisolver-1.5.0 mantisanalysis-0.2.0 matplotlib-3.10.9 numpy-2.4.4 pefile-2024.8.26 pydantic-2.13.3 pydantic-core-2.46.3 pyinstaller-6.20.0 pyinstaller-hooks-contrib-2026.4 pyparsing-3.3.2 python-dateutil-2.9.0.post0 python-dotenv-1.2.2 python-multipart-0.0.26 pywin32-ctypes-0.2.3 pyyaml-6.0.3 scipy-1.17.1 six-1.17.0 starlette-1.0.0 tifffile-2026.4.11 typing-extensions-4.15.0 typing-inspection-0.4.2 uvicorn-0.46.0 watchfiles-1.1.1 websockets-16.0
build / windows-x86_64	UNKNOWN STEP	2026-04-24T21:59:12.8003050Z ##[group]Run python packaging/build.py --no-venv
build / windows-x86_64	UNKNOWN STEP	2026-04-24T21:59:12.8003469Z [36;1mpython packaging/build.py --no-venv[0m
build / windows-x86_64	UNKNOWN STEP	2026-04-24T21:59:12.8017868Z shell: C:\Program Files\Git\bin\bash.EXE --noprofile --norc -e -o pipefail {0}
build / windows-x86_64	UNKNOWN STEP	2026-04-24T21:59:12.8018246Z env:
build / windows-x86_64	UNKNOWN STEP	2026-04-24T21:59:12.8018523Z   pythonLocation: C:\hostedtoolcache\windows\Python\3.12.10\x64
build / windows-x86_64	UNKNOWN STEP	2026-04-24T21:59:12.8018964Z   PKG_CONFIG_PATH: C:\hostedtoolcache\windows\Python\3.12.10\x64/lib/pkgconfig
build / windows-x86_64	UNKNOWN STEP	2026-04-24T21:59:12.8019392Z   Python_ROOT_DIR: C:\hostedtoolcache\windows\Python\3.12.10\x64
build / windows-x86_64	UNKNOWN STEP	2026-04-24T21:59:12.8019767Z   Python2_ROOT_DIR: C:\hostedtoolcache\windows\Python\3.12.10\x64
build / windows-x86_64	UNKNOWN STEP	2026-04-24T21:59:12.8020131Z   Python3_ROOT_DIR: C:\hostedtoolcache\windows\Python\3.12.10\x64
build / windows-x86_64	UNKNOWN STEP	2026-04-24T21:59:12.8020417Z ##[endgroup]
build / windows-x86_64	UNKNOWN STEP	2026-04-24T21:59:12.9271105Z >> C:\hostedtoolcache\windows\Python\3.12.10\x64\python.exe -m pip install --upgrade -e D:\a\MantisAnalysis\MantisAnalysis[build]
build / windows-x86_64	UNKNOWN STEP	2026-04-24T21:59:14.0507716Z Obtaining file:///D:/a/MantisAnalysis/MantisAnalysis
build / windows-x86_64	UNKNOWN STEP	2026-04-24T21:59:14.0544866Z   Installing build dependencies: started
build / windows-x86_64	UNKNOWN STEP	2026-04-24T21:59:16.2516180Z   Installing build dependencies: finished with status 'done'
build / windows-x86_64	UNKNOWN STEP	2026-04-24T21:59:16.2534045Z   Checking if build backend supports build_editable: started
build / windows-x86_64	UNKNOWN STEP	2026-04-24T21:59:16.8638032Z   Checking if build backend supports build_editable: finished with status 'done'
build / windows-x86_64	UNKNOWN STEP	2026-04-24T21:59:16.8666812Z   Getting requirements to build editable: started
build / windows-x86_64	UNKNOWN STEP	2026-04-24T21:59:17.4229072Z   Getting requirements to build editable: finished with status 'done'
build / windows-x86_64	UNKNOWN STEP	2026-04-24T21:59:17.4261129Z   Preparing editable metadata (pyproject.toml): started
build / windows-x86_64	UNKNOWN STEP	2026-04-24T21:59:17.7796200Z   Preparing editable metadata (pyproject.toml): finished with status 'done'
build / windows-x86_64	UNKNOWN STEP	2026-04-24T21:59:17.7873332Z Requirement already satisfied: h5py>=3.0 in C:\hostedtoolcache\windows\Python\3.12.10\x64\Lib\site-packages (from mantisanalysis==0.2.0) (3.16.0)
build / windows-x86_64	UNKNOWN STEP	2026-04-24T21:59:17.7879640Z Requirement already satisfied: numpy>=1.24 in C:\hostedtoolcache\windows\Python\3.12.10\x64\Lib\site-packages (from mantisanalysis==0.2.0) (2.4.4)
build / windows-x86_64	UNKNOWN STEP	2026-04-24T21:59:17.7885109Z Requirement already satisfied: scipy>=1.10 in C:\hostedtoolcache\windows\Python\3.12.10\x64\Lib\site-packages (from mantisanalysis==0.2.0) (1.17.1)
build / windows-x86_64	UNKNOWN STEP	2026-04-24T21:59:17.7889458Z Requirement already satisfied: matplotlib>=3.7 in C:\hostedtoolcache\windows\Python\3.12.10\x64\Lib\site-packages (from mantisanalysis==0.2.0) (3.10.9)
build / windows-x86_64	UNKNOWN STEP	2026-04-24T21:59:17.7893923Z Requirement already satisfied: Pillow>=10.0 in C:\hostedtoolcache\windows\Python\3.12.10\x64\Lib\site-packages (from mantisanalysis==0.2.0) (12.2.0)
build / windows-x86_64	UNKNOWN STEP	2026-04-24T21:59:17.7897932Z Requirement already satisfied: tifffile>=2023.0 in C:\hostedtoolcache\windows\Python\3.12.10\x64\Lib\site-packages (from mantisanalysis==0.2.0) (2026.4.11)
build / windows-x86_64	UNKNOWN STEP	2026-04-24T21:59:17.7902275Z Requirement already satisfied: fastapi>=0.110 in C:\hostedtoolcache\windows\Python\3.12.10\x64\Lib\site-packages (from mantisanalysis==0.2.0) (0.136.1)
build / windows-x86_64	UNKNOWN STEP	2026-04-24T21:59:17.7910151Z Requirement already satisfied: uvicorn>=0.27 in C:\hostedtoolcache\windows\Python\3.12.10\x64\Lib\site-packages (from uvicorn[standard]>=0.27->mantisanalysis==0.2.0) (0.46.0)
build / windows-x86_64	UNKNOWN STEP	2026-04-24T21:59:17.7915673Z Requirement already satisfied: python-multipart>=0.0.9 in C:\hostedtoolcache\windows\Python\3.12.10\x64\Lib\site-packages (from mantisanalysis==0.2.0) (0.0.26)
build / windows-x86_64	UNKNOWN STEP	2026-04-24T21:59:17.7920175Z Requirement already satisfied: pydantic>=2.5 in C:\hostedtoolcache\windows\Python\3.12.10\x64\Lib\site-packages (from mantisanalysis==0.2.0) (2.13.3)
build / windows-x86_64	UNKNOWN STEP	2026-04-24T21:59:17.7936134Z Requirement already satisfied: pyinstaller>=6.6 in C:\hostedtoolcache\windows\Python\3.12.10\x64\Lib\site-packages (from mantisanalysis==0.2.0) (6.20.0)
build / windows-x86_64	UNKNOWN STEP	2026-04-24T21:59:17.7954234Z Requirement already satisfied: starlette>=0.46.0 in C:\hostedtoolcache\windows\Python\3.12.10\x64\Lib\site-packages (from fastapi>=0.110->mantisanalysis==0.2.0) (1.0.0)
build / windows-x86_64	UNKNOWN STEP	2026-04-24T21:59:17.7962439Z Requirement already satisfied: typing-extensions>=4.8.0 in C:\hostedtoolcache\windows\Python\3.12.10\x64\Lib\site-packages (from fastapi>=0.110->mantisanalysis==0.2.0) (4.15.0)
build / windows-x86_64	UNKNOWN STEP	2026-04-24T21:59:17.7966191Z Requirement already satisfied: typing-inspection>=0.4.2 in C:\hostedtoolcache\windows\Python\3.12.10\x64\Lib\site-packages (from fastapi>=0.110->mantisanalysis==0.2.0) (0.4.2)
build / windows-x86_64	UNKNOWN STEP	2026-04-24T21:59:17.7970508Z Requirement already satisfied: annotated-doc>=0.0.2 in C:\hostedtoolcache\windows\Python\3.12.10\x64\Lib\site-packages (from fastapi>=0.110->mantisanalysis==0.2.0) (0.0.4)
build / windows-x86_64	UNKNOWN STEP	2026-04-24T21:59:17.8049745Z Requirement already satisfied: contourpy>=1.0.1 in C:\hostedtoolcache\windows\Python\3.12.10\x64\Lib\site-packages (from matplotlib>=3.7->mantisanalysis==0.2.0) (1.3.3)
build / windows-x86_64	UNKNOWN STEP	2026-04-24T21:59:17.8054989Z Requirement already satisfied: cycler>=0.10 in C:\hostedtoolcache\windows\Python\3.12.10\x64\Lib\site-packages (from matplotlib>=3.7->mantisanalysis==0.2.0) (0.12.1)
build / windows-x86_64	UNKNOWN STEP	2026-04-24T21:59:17.8060843Z Requirement already satisfied: fonttools>=4.22.0 in C:\hostedtoolcache\windows\Python\3.12.10\x64\Lib\site-packages (from matplotlib>=3.7->mantisanalysis==0.2.0) (4.62.1)
build / windows-x86_64	UNKNOWN STEP	2026-04-24T21:59:17.8066326Z Requirement already satisfied: kiwisolver>=1.3.1 in C:\hostedtoolcache\windows\Python\3.12.10\x64\Lib\site-packages (from matplotlib>=3.7->mantisanalysis==0.2.0) (1.5.0)
build / windows-x86_64	UNKNOWN STEP	2026-04-24T21:59:17.8072266Z Requirement already satisfied: packaging>=20.0 in C:\hostedtoolcache\windows\Python\3.12.10\x64\Lib\site-packages (from matplotlib>=3.7->mantisanalysis==0.2.0) (26.0)
build / windows-x86_64	UNKNOWN STEP	2026-04-24T21:59:17.8078316Z Requirement already satisfied: pyparsing>=3 in C:\hostedtoolcache\windows\Python\3.12.10\x64\Lib\site-packages (from matplotlib>=3.7->mantisanalysis==0.2.0) (3.3.2)
build / windows-x86_64	UNKNOWN STEP	2026-04-24T21:59:17.8082930Z Requirement already satisfied: python-dateutil>=2.7 in C:\hostedtoolcache\windows\Python\3.12.10\x64\Lib\site-packages (from matplotlib>=3.7->mantisanalysis==0.2.0) (2.9.0.post0)
build / windows-x86_64	UNKNOWN STEP	2026-04-24T21:59:17.8244025Z Requirement already satisfied: annotated-types>=0.6.0 in C:\hostedtoolcache\windows\Python\3.12.10\x64\Lib\site-packages (from pydantic>=2.5->mantisanalysis==0.2.0) (0.7.0)
build / windows-x86_64	UNKNOWN STEP	2026-04-24T21:59:17.8249952Z Requirement already satisfied: pydantic-core==2.46.3 in C:\hostedtoolcache\windows\Python\3.12.10\x64\Lib\site-packages (from pydantic>=2.5->mantisanalysis==0.2.0) (2.46.3)
build / windows-x86_64	UNKNOWN STEP	2026-04-24T21:59:17.8292794Z Requirement already satisfied: altgraph in C:\hostedtoolcache\windows\Python\3.12.10\x64\Lib\site-packages (from pyinstaller>=6.6->mantisanalysis==0.2.0) (0.17.5)
build / windows-x86_64	UNKNOWN STEP	2026-04-24T21:59:17.8303473Z Requirement already satisfied: pefile>=2022.5.30 in C:\hostedtoolcache\windows\Python\3.12.10\x64\Lib\site-packages (from pyinstaller>=6.6->mantisanalysis==0.2.0) (2024.8.26)
build / windows-x86_64	UNKNOWN STEP	2026-04-24T21:59:17.8308803Z Requirement already satisfied: pyinstaller-hooks-contrib>=2026.4 in C:\hostedtoolcache\windows\Python\3.12.10\x64\Lib\site-packages (from pyinstaller>=6.6->mantisanalysis==0.2.0) (2026.4)
build / windows-x86_64	UNKNOWN STEP	2026-04-24T21:59:17.8316991Z Requirement already satisfied: pywin32-ctypes>=0.2.1 in C:\hostedtoolcache\windows\Python\3.12.10\x64\Lib\site-packages (from pyinstaller>=6.6->mantisanalysis==0.2.0) (0.2.3)
build / windows-x86_64	UNKNOWN STEP	2026-04-24T21:59:17.8322609Z Requirement already satisfied: setuptools>=42.0.0 in C:\hostedtoolcache\windows\Python\3.12.10\x64\Lib\site-packages (from pyinstaller>=6.6->mantisanalysis==0.2.0) (82.0.1)
build / windows-x86_64	UNKNOWN STEP	2026-04-24T21:59:17.8375511Z Requirement already satisfied: six>=1.5 in C:\hostedtoolcache\windows\Python\3.12.10\x64\Lib\site-packages (from python-dateutil>=2.7->matplotlib>=3.7->mantisanalysis==0.2.0) (1.17.0)
build / windows-x86_64	UNKNOWN STEP	2026-04-24T21:59:17.8532710Z Requirement already satisfied: anyio<5,>=3.6.2 in C:\hostedtoolcache\windows\Python\3.12.10\x64\Lib\site-packages (from starlette>=0.46.0->fastapi>=0.110->mantisanalysis==0.2.0) (4.13.0)
build / windows-x86_64	UNKNOWN STEP	2026-04-24T21:59:17.8554976Z Requirement already satisfied: idna>=2.8 in C:\hostedtoolcache\windows\Python\3.12.10\x64\Lib\site-packages (from anyio<5,>=3.6.2->starlette>=0.46.0->fastapi>=0.110->mantisanalysis==0.2.0) (3.13)
build / windows-x86_64	UNKNOWN STEP	2026-04-24T21:59:17.8640844Z Requirement already satisfied: click>=7.0 in C:\hostedtoolcache\windows\Python\3.12.10\x64\Lib\site-packages (from uvicorn>=0.27->uvicorn[standard]>=0.27->mantisanalysis==0.2.0) (8.3.2)
build / windows-x86_64	UNKNOWN STEP	2026-04-24T21:59:17.8645578Z Requirement already satisfied: h11>=0.8 in C:\hostedtoolcache\windows\Python\3.12.10\x64\Lib\site-packages (from uvicorn>=0.27->uvicorn[standard]>=0.27->mantisanalysis==0.2.0) (0.16.0)
build / windows-x86_64	UNKNOWN STEP	2026-04-24T21:59:17.8668729Z Requirement already satisfied: colorama in C:\hostedtoolcache\windows\Python\3.12.10\x64\Lib\site-packages (from click>=7.0->uvicorn>=0.27->uvicorn[standard]>=0.27->mantisanalysis==0.2.0) (0.4.6)
build / windows-x86_64	UNKNOWN STEP	2026-04-24T21:59:17.8699011Z Requirement already satisfied: httptools>=0.6.3 in C:\hostedtoolcache\windows\Python\3.12.10\x64\Lib\site-packages (from uvicorn[standard]>=0.27->mantisanalysis==0.2.0) (0.7.1)
build / windows-x86_64	UNKNOWN STEP	2026-04-24T21:59:17.8705718Z Requirement already satisfied: python-dotenv>=0.13 in C:\hostedtoolcache\windows\Python\3.12.10\x64\Lib\site-packages (from uvicorn[standard]>=0.27->mantisanalysis==0.2.0) (1.2.2)
build / windows-x86_64	UNKNOWN STEP	2026-04-24T21:59:17.8711989Z Requirement already satisfied: pyyaml>=5.1 in C:\hostedtoolcache\windows\Python\3.12.10\x64\Lib\site-packages (from uvicorn[standard]>=0.27->mantisanalysis==0.2.0) (6.0.3)
build / windows-x86_64	UNKNOWN STEP	2026-04-24T21:59:17.8718263Z Requirement already satisfied: watchfiles>=0.20 in C:\hostedtoolcache\windows\Python\3.12.10\x64\Lib\site-packages (from uvicorn[standard]>=0.27->mantisanalysis==0.2.0) (1.1.1)
build / windows-x86_64	UNKNOWN STEP	2026-04-24T21:59:17.8724395Z Requirement already satisfied: websockets>=10.4 in C:\hostedtoolcache\windows\Python\3.12.10\x64\Lib\site-packages (from uvicorn[standard]>=0.27->mantisanalysis==0.2.0) (16.0)
build / windows-x86_64	UNKNOWN STEP	2026-04-24T21:59:17.8843914Z Building wheels for collected packages: mantisanalysis
build / windows-x86_64	UNKNOWN STEP	2026-04-24T21:59:17.8871067Z   Building editable for mantisanalysis (pyproject.toml): started
build / windows-x86_64	UNKNOWN STEP	2026-04-24T21:59:18.2847047Z   Building editable for mantisanalysis (pyproject.toml): finished with status 'done'
build / windows-x86_64	UNKNOWN STEP	2026-04-24T21:59:18.2898689Z   Created wheel for mantisanalysis: filename=mantisanalysis-0.2.0-0.editable-py3-none-any.whl size=9694 sha256=44178cf39f8667f672f54ea6b30b15346d8db755bc5e84a608b8515eedc0f19b
build / windows-x86_64	UNKNOWN STEP	2026-04-24T21:59:18.2900652Z   Stored in directory: C:\Users\runneradmin\AppData\Local\Temp\pip-ephem-wheel-cache-5_3hu854\wheels\23\c1\d7\b028dadc61a7db876071a91c0dc613ec7322d3cd755efda2b5
build / windows-x86_64	UNKNOWN STEP	2026-04-24T21:59:18.2953841Z Successfully built mantisanalysis
build / windows-x86_64	UNKNOWN STEP	2026-04-24T21:59:18.3411909Z Installing collected packages: mantisanalysis
build / windows-x86_64	UNKNOWN STEP	2026-04-24T21:59:18.3413524Z   Attempting uninstall: mantisanalysis
build / windows-x86_64	UNKNOWN STEP	2026-04-24T21:59:18.3447639Z     Found existing installation: mantisanalysis 0.2.0
build / windows-x86_64	UNKNOWN STEP	2026-04-24T21:59:18.3490201Z     Uninstalling mantisanalysis-0.2.0:
build / windows-x86_64	UNKNOWN STEP	2026-04-24T21:59:19.0615623Z       Successfully uninstalled mantisanalysis-0.2.0
build / windows-x86_64	UNKNOWN STEP	2026-04-24T21:59:19.1185613Z Successfully installed mantisanalysis-0.2.0
build / windows-x86_64	UNKNOWN STEP	2026-04-24T21:59:19.3267896Z >> C:\hostedtoolcache\windows\Python\3.12.10\x64\python.exe -m PyInstaller D:\a\MantisAnalysis\MantisAnalysis\packaging\mantisanalysis.spec --noconfirm --clean
build / windows-x86_64	UNKNOWN STEP	2026-04-24T21:59:20.3349463Z 859 INFO: PyInstaller: 6.20.0, contrib hooks: 2026.4
build / windows-x86_64	UNKNOWN STEP	2026-04-24T21:59:20.3352361Z 860 INFO: Python: 3.12.10
build / windows-x86_64	UNKNOWN STEP	2026-04-24T21:59:20.3586149Z 883 INFO: Platform: Windows-2025Server-10.0.26100-SP0
build / windows-x86_64	UNKNOWN STEP	2026-04-24T21:59:20.3586624Z 883 INFO: Python environment: C:\hostedtoolcache\windows\Python\3.12.10\x64
build / windows-x86_64	UNKNOWN STEP	2026-04-24T21:59:20.3673001Z 891 INFO: Removing temporary files and cleaning cache in C:\Users\runneradmin\AppData\Local\pyinstaller
build / windows-x86_64	UNKNOWN STEP	2026-04-24T21:59:25.9227159Z 6447 INFO: Module search paths (PYTHONPATH):
build / windows-x86_64	UNKNOWN STEP	2026-04-24T21:59:25.9227529Z ['D:\\a\\MantisAnalysis\\MantisAnalysis',
build / windows-x86_64	UNKNOWN STEP	2026-04-24T21:59:25.9229012Z  'C:\\hostedtoolcache\\windows\\Python\\3.12.10\\x64\\python312.zip',
build / windows-x86_64	UNKNOWN STEP	2026-04-24T21:59:25.9229406Z  'C:\\hostedtoolcache\\windows\\Python\\3.12.10\\x64\\DLLs',
build / windows-x86_64	UNKNOWN STEP	2026-04-24T21:59:25.9229749Z  'C:\\hostedtoolcache\\windows\\Python\\3.12.10\\x64\\Lib',
build / windows-x86_64	UNKNOWN STEP	2026-04-24T21:59:25.9230070Z  'C:\\hostedtoolcache\\windows\\Python\\3.12.10\\x64',
build / windows-x86_64	UNKNOWN STEP	2026-04-24T21:59:25.9230619Z  'C:\\hostedtoolcache\\windows\\Python\\3.12.10\\x64\\Lib\\site-packages',
build / windows-x86_64	UNKNOWN STEP	2026-04-24T21:59:25.9231002Z  'D:\\a\\MantisAnalysis\\MantisAnalysis\\packaging',
build / windows-x86_64	UNKNOWN STEP	2026-04-24T21:59:25.9231280Z  'D:\\a\\MantisAnalysis\\MantisAnalysis']
build / windows-x86_64	UNKNOWN STEP	2026-04-24T21:59:26.2340112Z 6758 INFO: Appending 'datas' from .spec
build / windows-x86_64	UNKNOWN STEP	2026-04-24T21:59:26.2437333Z 6768 INFO: checking Analysis
build / windows-x86_64	UNKNOWN STEP	2026-04-24T21:59:26.2438475Z 6768 INFO: Building Analysis because Analysis-00.toc is non existent
build / windows-x86_64	UNKNOWN STEP	2026-04-24T21:59:26.2439064Z 6768 INFO: Looking for Python shared library...
build / windows-x86_64	UNKNOWN STEP	2026-04-24T21:59:26.2439733Z 6768 INFO: Using Python shared library: C:\hostedtoolcache\windows\Python\3.12.10\x64\python312.dll
build / windows-x86_64	UNKNOWN STEP	2026-04-24T21:59:26.2440438Z 6768 INFO: Running Analysis Analysis-00.toc
build / windows-x86_64	UNKNOWN STEP	2026-04-24T21:59:26.2441183Z 6768 INFO: Target bytecode optimization level: 0
build / windows-x86_64	UNKNOWN STEP	2026-04-24T21:59:26.2441531Z 6768 INFO: Initializing module dependency graph...
build / windows-x86_64	UNKNOWN STEP	2026-04-24T21:59:26.2466476Z 6770 INFO: Initializing module graph hook caches...
build / windows-x86_64	UNKNOWN STEP	2026-04-24T21:59:26.2622471Z 6786 INFO: Analyzing modules for base_library.zip ...
build / windows-x86_64	UNKNOWN STEP	2026-04-24T21:59:27.6348110Z 8159 INFO: Processing standard module hook 'hook-encodings.py' from 'C:\\hostedtoolcache\\windows\\Python\\3.12.10\\x64\\Lib\\site-packages\\PyInstaller\\hooks'
build / windows-x86_64	UNKNOWN STEP	2026-04-24T21:59:29.6251334Z 10149 INFO: Processing standard module hook 'hook-pickle.py' from 'C:\\hostedtoolcache\\windows\\Python\\3.12.10\\x64\\Lib\\site-packages\\PyInstaller\\hooks'
build / windows-x86_64	UNKNOWN STEP	2026-04-24T21:59:31.3892562Z 11912 INFO: Processing standard module hook 'hook-heapq.py' from 'C:\\hostedtoolcache\\windows\\Python\\3.12.10\\x64\\Lib\\site-packages\\PyInstaller\\hooks'
build / windows-x86_64	UNKNOWN STEP	2026-04-24T21:59:32.1602179Z 12685 INFO: Caching module dependency graph...
build / windows-x86_64	UNKNOWN STEP	2026-04-24T21:59:32.1991678Z 12723 INFO: Analyzing D:\a\MantisAnalysis\MantisAnalysis\packaging\entry.py
build / windows-x86_64	UNKNOWN STEP	2026-04-24T21:59:32.2474090Z 12772 INFO: Processing standard module hook 'hook-multiprocessing.util.py' from 'C:\\hostedtoolcache\\windows\\Python\\3.12.10\\x64\\Lib\\site-packages\\PyInstaller\\hooks'
build / windows-x86_64	UNKNOWN STEP	2026-04-24T21:59:32.5193647Z 13043 INFO: Processing standard module hook 'hook-xml.py' from 'C:\\hostedtoolcache\\windows\\Python\\3.12.10\\x64\\Lib\\site-packages\\PyInstaller\\hooks'
build / windows-x86_64	UNKNOWN STEP	2026-04-24T21:59:32.8495480Z 13373 INFO: Processing standard module hook 'hook-_ctypes.py' from 'C:\\hostedtoolcache\\windows\\Python\\3.12.10\\x64\\Lib\\site-packages\\PyInstaller\\hooks'
build / windows-x86_64	UNKNOWN STEP	2026-04-24T21:59:33.0226098Z 13545 INFO: Processing standard module hook 'hook-platform.py' from 'C:\\hostedtoolcache\\windows\\Python\\3.12.10\\x64\\Lib\\site-packages\\PyInstaller\\hooks'
build / windows-x86_64	UNKNOWN STEP	2026-04-24T21:59:33.0441585Z 13567 INFO: Processing standard module hook 'hook-numpy.py' from 'C:\\hostedtoolcache\\windows\\Python\\3.12.10\\x64\\Lib\\site-packages\\PyInstaller\\hooks'
build / windows-x86_64	UNKNOWN STEP	2026-04-24T21:59:33.4935052Z 14017 INFO: Processing standard module hook 'hook-difflib.py' from 'C:\\hostedtoolcache\\windows\\Python\\3.12.10\\x64\\Lib\\site-packages\\PyInstaller\\hooks'
build / windows-x86_64	UNKNOWN STEP	2026-04-24T21:59:34.3851077Z 14909 INFO: Processing standard module hook 'hook-sysconfig.py' from 'C:\\hostedtoolcache\\windows\\Python\\3.12.10\\x64\\Lib\\site-packages\\PyInstaller\\hooks'
build / windows-x86_64	UNKNOWN STEP	2026-04-24T21:59:35.9102076Z 16433 INFO: Processing pre-safe-import-module hook 'hook-typing_extensions.py' from 'C:\\hostedtoolcache\\windows\\Python\\3.12.10\\x64\\Lib\\site-packages\\PyInstaller\\hooks\\pre_safe_import_module'
build / windows-x86_64	UNKNOWN STEP	2026-04-24T21:59:35.9109419Z 16436 INFO: SetuptoolsInfo: initializing cached setuptools info...
build / windows-x86_64	UNKNOWN STEP	2026-04-24T21:59:37.4220073Z 17946 INFO: Processing standard module hook 'hook-h5py.py' from 'C:\\hostedtoolcache\\windows\\Python\\3.12.10\\x64\\Lib\\site-packages\\_pyinstaller_hooks_contrib\\stdhooks'
build / windows-x86_64	UNKNOWN STEP	2026-04-24T21:59:39.4599509Z 19985 INFO: Processing standard module hook 'hook-xml.etree.cElementTree.py' from 'C:\\hostedtoolcache\\windows\\Python\\3.12.10\\x64\\Lib\\site-packages\\PyInstaller\\hooks'
build / windows-x86_64	UNKNOWN STEP	2026-04-24T21:59:39.5150436Z 20039 INFO: Processing standard module hook 'hook-xml.dom.domreg.py' from 'C:\\hostedtoolcache\\windows\\Python\\3.12.10\\x64\\Lib\\site-packages\\PyInstaller\\hooks'
build / windows-x86_64	UNKNOWN STEP	2026-04-24T21:59:39.7417619Z 20265 INFO: Processing standard module hook 'hook-matplotlib.py' from 'C:\\hostedtoolcache\\windows\\Python\\3.12.10\\x64\\Lib\\site-packages\\PyInstaller\\hooks'
build / windows-x86_64	UNKNOWN STEP	2026-04-24T21:59:40.0429035Z 20567 INFO: Processing pre-safe-import-module hook 'hook-packaging.py' from 'C:\\hostedtoolcache\\windows\\Python\\3.12.10\\x64\\Lib\\site-packages\\PyInstaller\\hooks\\pre_safe_import_module'
build / windows-x86_64	UNKNOWN STEP	2026-04-24T21:59:40.2153086Z 20740 INFO: Processing pre-safe-import-module hook 'hook-gi.py' from 'C:\\hostedtoolcache\\windows\\Python\\3.12.10\\x64\\Lib\\site-packages\\PyInstaller\\hooks\\pre_safe_import_module'
build / windows-x86_64	UNKNOWN STEP	2026-04-24T21:59:40.5164162Z 21040 INFO: Processing standard module hook 'hook-matplotlib.backend_bases.py' from 'C:\\hostedtoolcache\\windows\\Python\\3.12.10\\x64\\Lib\\site-packages\\PyInstaller\\hooks'
build / windows-x86_64	UNKNOWN STEP	2026-04-24T21:59:40.6345133Z 21159 INFO: Processing standard module hook 'hook-PIL.py' from 'C:\\hostedtoolcache\\windows\\Python\\3.12.10\\x64\\Lib\\site-packages\\PyInstaller\\hooks'
build / windows-x86_64	UNKNOWN STEP	2026-04-24T21:59:40.7376839Z 21262 INFO: Processing standard module hook 'hook-PIL.Image.py' from 'C:\\hostedtoolcache\\windows\\Python\\3.12.10\\x64\\Lib\\site-packages\\PyInstaller\\hooks'
build / windows-x86_64	UNKNOWN STEP	2026-04-24T21:59:41.1987084Z 21723 INFO: Processing standard module hook 'hook-PIL.ImageFilter.py' from 'C:\\hostedtoolcache\\windows\\Python\\3.12.10\\x64\\Lib\\site-packages\\PyInstaller\\hooks'
build / windows-x86_64	UNKNOWN STEP	2026-04-24T21:59:41.9936463Z 22518 INFO: Processing standard module hook 'hook-matplotlib.backends.py' from 'C:\\hostedtoolcache\\windows\\Python\\3.12.10\\x64\\Lib\\site-packages\\PyInstaller\\hooks'
build / windows-x86_64	UNKNOWN STEP	2026-04-24T21:59:42.2595475Z 22783 INFO: Processing standard module hook 'hook-matplotlib.pyplot.py' from 'C:\\hostedtoolcache\\windows\\Python\\3.12.10\\x64\\Lib\\site-packages\\PyInstaller\\hooks'
build / windows-x86_64	UNKNOWN STEP	2026-04-24T21:59:43.2215733Z 23746 INFO: Processing standard module hook 'hook-dateutil.py' from 'C:\\hostedtoolcache\\windows\\Python\\3.12.10\\x64\\Lib\\site-packages\\_pyinstaller_hooks_contrib\\stdhooks'
build / windows-x86_64	UNKNOWN STEP	2026-04-24T21:59:43.3062842Z 23831 INFO: Processing pre-safe-import-module hook 'hook-six.moves.py' from 'C:\\hostedtoolcache\\windows\\Python\\3.12.10\\x64\\Lib\\site-packages\\PyInstaller\\hooks\\pre_safe_import_module'
build / windows-x86_64	UNKNOWN STEP	2026-04-24T21:59:44.8456189Z 25369 INFO: Processing standard module hook 'hook-uvicorn.py' from 'C:\\hostedtoolcache\\windows\\Python\\3.12.10\\x64\\Lib\\site-packages\\_pyinstaller_hooks_contrib\\stdhooks'
build / windows-x86_64	UNKNOWN STEP	2026-04-24T21:59:46.4105626Z 26935 INFO: Processing standard module hook 'hook-websockets.py' from 'C:\\hostedtoolcache\\windows\\Python\\3.12.10\\x64\\Lib\\site-packages\\_pyinstaller_hooks_contrib\\stdhooks'
build / windows-x86_64	UNKNOWN STEP	2026-04-24T21:59:47.0146288Z 27538 INFO: Processing standard module hook 'hook-anyio.py' from 'C:\\hostedtoolcache\\windows\\Python\\3.12.10\\x64\\Lib\\site-packages\\_pyinstaller_hooks_contrib\\stdhooks'
build / windows-x86_64	UNKNOWN STEP	2026-04-24T21:59:48.1120937Z 28636 INFO: Analyzing hidden import 'uvicorn.__main__'
build / windows-x86_64	UNKNOWN STEP	2026-04-24T21:59:48.1126312Z 28636 INFO: Analyzing hidden import 'uvicorn.lifespan'
build / windows-x86_64	UNKNOWN STEP	2026-04-24T21:59:48.1131170Z 28638 INFO: Analyzing hidden import 'uvicorn.lifespan.off'
build / windows-x86_64	UNKNOWN STEP	2026-04-24T21:59:48.1143759Z 28638 INFO: Analyzing hidden import 'uvicorn.lifespan.on'
build / windows-x86_64	UNKNOWN STEP	2026-04-24T21:59:48.1197382Z 28643 INFO: Analyzing hidden import 'uvicorn.loops'
build / windows-x86_64	UNKNOWN STEP	2026-04-24T21:59:48.1201683Z 28643 INFO: Analyzing hidden import 'uvicorn.loops.asyncio'
build / windows-x86_64	UNKNOWN STEP	2026-04-24T21:59:48.1212289Z 28645 INFO: Analyzing hidden import 'uvicorn.loops.auto'
build / windows-x86_64	UNKNOWN STEP	2026-04-24T21:59:48.1232548Z 28647 INFO: Analyzing hidden import 'uvicorn.protocols.http.auto'
build / windows-x86_64	UNKNOWN STEP	2026-04-24T21:59:48.1241719Z 28647 INFO: Analyzing hidden import 'uvicorn.protocols.websockets.auto'
build / windows-x86_64	UNKNOWN STEP	2026-04-24T21:59:48.1252934Z 28650 INFO: Analyzing hidden import 'uvicorn.workers'
build / windows-x86_64	UNKNOWN STEP	2026-04-24T21:59:48.1294546Z 28654 INFO: Analyzing hidden import 'fastapi'
build / windows-x86_64	UNKNOWN STEP	2026-04-24T21:59:48.2737664Z 28797 INFO: Processing standard module hook 'hook-pydantic.py' from 'C:\\hostedtoolcache\\windows\\Python\\3.12.10\\x64\\Lib\\site-packages\\_pyinstaller_hooks_contrib\\stdhooks'
build / windows-x86_64	UNKNOWN STEP	2026-04-24T21:59:49.0076511Z 29531 INFO: Processing standard module hook 'hook-zoneinfo.py' from 'C:\\hostedtoolcache\\windows\\Python\\3.12.10\\x64\\Lib\\site-packages\\_pyinstaller_hooks_contrib\\stdhooks'
build / windows-x86_64	UNKNOWN STEP	2026-04-24T21:59:50.3061650Z 30830 INFO: Analyzing hidden import 'fastapi.__main__'
build / windows-x86_64	UNKNOWN STEP	2026-04-24T21:59:50.3076866Z 30832 INFO: Analyzing hidden import 'fastapi.middleware.cors'
build / windows-x86_64	UNKNOWN STEP	2026-04-24T21:59:50.3141749Z 30838 INFO: Analyzing hidden import 'fastapi.middleware.gzip'
build / windows-x86_64	UNKNOWN STEP	2026-04-24T21:59:50.3212631Z 30846 INFO: Analyzing hidden import 'fastapi.middleware.httpsredirect'
build / windows-x86_64	UNKNOWN STEP	2026-04-24T21:59:50.3232558Z 30848 INFO: Analyzing hidden import 'fastapi.middleware.trustedhost'
build / windows-x86_64	UNKNOWN STEP	2026-04-24T21:59:50.3262871Z 30850 INFO: Analyzing hidden import 'fastapi.middleware.wsgi'
build / windows-x86_64	UNKNOWN STEP	2026-04-24T21:59:50.3331074Z 30858 INFO: Analyzing hidden import 'fastapi.staticfiles'
build / windows-x86_64	UNKNOWN STEP	2026-04-24T21:59:50.3414211Z 30865 INFO: Analyzing hidden import 'fastapi.templating'
build / windows-x86_64	UNKNOWN STEP	2026-04-24T21:59:50.3462522Z 30871 INFO: Analyzing hidden import 'fastapi.testclient'
build / windows-x86_64	UNKNOWN STEP	2026-04-24T21:59:50.3710736Z 30895 INFO: Analyzing hidden import 'starlette.authentication'
build / windows-x86_64	UNKNOWN STEP	2026-04-24T21:59:50.3767203Z 30901 INFO: Analyzing hidden import 'starlette.config'
build / windows-x86_64	UNKNOWN STEP	2026-04-24T21:59:50.3823638Z 30906 INFO: Analyzing hidden import 'starlette.endpoints'
build / windows-x86_64	UNKNOWN STEP	2026-04-24T21:59:50.3881796Z 30912 INFO: Analyzing hidden import 'starlette.middleware.authentication'
build / windows-x86_64	UNKNOWN STEP	2026-04-24T21:59:50.3907424Z 30914 INFO: Analyzing hidden import 'starlette.schemas'
build / windows-x86_64	UNKNOWN STEP	2026-04-24T21:59:50.3954650Z 30918 INFO: Analyzing hidden import 'anyio._backends'
build / windows-x86_64	UNKNOWN STEP	2026-04-24T21:59:50.3959964Z 30920 INFO: Analyzing hidden import 'anyio._backends._asyncio'
build / windows-x86_64	UNKNOWN STEP	2026-04-24T21:59:50.5076306Z 31032 INFO: Analyzing hidden import 'anyio._backends._trio'
build / windows-x86_64	UNKNOWN STEP	2026-04-24T21:59:50.5551229Z 31079 INFO: Analyzing hidden import 'anyio.functools'
build / windows-x86_64	UNKNOWN STEP	2026-04-24T21:59:50.5669352Z 31091 INFO: Analyzing hidden import 'anyio.pytest_plugin'
build / windows-x86_64	UNKNOWN STEP	2026-04-24T21:59:50.5783401Z 31103 INFO: Analyzing hidden import 'anyio.streams.buffered'
build / windows-x86_64	UNKNOWN STEP	2026-04-24T21:59:50.5843952Z 31109 INFO: Analyzing hidden import 'anyio.streams.file'
build / windows-x86_64	UNKNOWN STEP	2026-04-24T21:59:50.5892188Z 31113 INFO: Analyzing hidden import 'anyio.streams.text'
build / windows-x86_64	UNKNOWN STEP	2026-04-24T21:59:50.5947786Z 31119 INFO: Analyzing hidden import 'anyio.to_interpreter'
build / windows-x86_64	UNKNOWN STEP	2026-04-24T21:59:50.6021109Z 31127 INFO: Analyzing hidden import 'anyio.to_process'
build / windows-x86_64	UNKNOWN STEP	2026-04-24T21:59:50.6112776Z 31135 INFO: Analyzing hidden import 'websockets.__main__'
build / windows-x86_64	UNKNOWN STEP	2026-04-24T21:59:50.6176393Z 31141 INFO: Analyzing hidden import 'websockets.auth'
build / windows-x86_64	UNKNOWN STEP	2026-04-24T21:59:50.6230040Z 31146 INFO: Analyzing hidden import 'websockets.connection'
build / windows-x86_64	UNKNOWN STEP	2026-04-24T21:59:50.6237610Z 31148 INFO: Analyzing hidden import 'websockets.http'
build / windows-x86_64	UNKNOWN STEP	2026-04-24T21:59:50.6246641Z 31148 INFO: Analyzing hidden import 'websockets.legacy.client'
build / windows-x86_64	UNKNOWN STEP	2026-04-24T21:59:50.6394093Z 31162 INFO: Analyzing hidden import 'websockets.sync'
build / windows-x86_64	UNKNOWN STEP	2026-04-24T21:59:50.6399647Z 31164 INFO: Analyzing hidden import 'websockets.sync.client'
build / windows-x86_64	UNKNOWN STEP	2026-04-24T21:59:50.6817960Z 31206 INFO: Analyzing hidden import 'websockets.sync.router'
build / windows-x86_64	UNKNOWN STEP	2026-04-24T21:59:50.7008113Z 31224 INFO: Analyzing hidden import 'pydantic.alias_generators'
build / windows-x86_64	UNKNOWN STEP	2026-04-24T21:59:50.7028756Z 31226 INFO: Analyzing hidden import 'pydantic.class_validators'
build / windows-x86_64	UNKNOWN STEP	2026-04-24T21:59:50.7034817Z 31228 INFO: Analyzing hidden import 'pydantic.datetime_parse'
build / windows-x86_64	UNKNOWN STEP	2026-04-24T21:59:50.7040184Z 31228 INFO: Analyzing hidden import 'pydantic.decorator'
build / windows-x86_64	UNKNOWN STEP	2026-04-24T21:59:50.7045771Z 31228 INFO: Analyzing hidden import 'pydantic.deprecated.decorator'
build / windows-x86_64	UNKNOWN STEP	2026-04-24T21:59:50.7154911Z 31240 INFO: Analyzing hidden import 'pydantic.env_settings'
build / windows-x86_64	UNKNOWN STEP	2026-04-24T21:59:50.7161507Z 31240 INFO: Analyzing hidden import 'pydantic.error_wrappers'
build / windows-x86_64	UNKNOWN STEP	2026-04-24T21:59:50.7167755Z 31240 INFO: Analyzing hidden import 'pydantic.experimental'
build / windows-x86_64	UNKNOWN STEP	2026-04-24T21:59:50.7172618Z 31242 INFO: Analyzing hidden import 'pydantic.experimental.arguments_schema'
build / windows-x86_64	UNKNOWN STEP	2026-04-24T21:59:50.7190638Z 31244 INFO: Analyzing hidden import 'pydantic.experimental.missing_sentinel'
build / windows-x86_64	UNKNOWN STEP	2026-04-24T21:59:50.7196830Z 31244 INFO: Analyzing hidden import 'pydantic.experimental.pipeline'
build / windows-x86_64	UNKNOWN STEP	2026-04-24T21:59:50.7443717Z 31268 INFO: Analyzing hidden import 'pydantic.generics'
build / windows-x86_64	UNKNOWN STEP	2026-04-24T21:59:50.7451674Z 31270 INFO: Analyzing hidden import 'pydantic.json'
build / windows-x86_64	UNKNOWN STEP	2026-04-24T21:59:50.7456903Z 31270 INFO: Analyzing hidden import 'pydantic.mypy'
build / windows-x86_64	UNKNOWN STEP	2026-04-24T21:59:50.8122736Z 31337 INFO: Processing pre-safe-import-module hook 'hook-tomli.py' from 'C:\\hostedtoolcache\\windows\\Python\\3.12.10\\x64\\Lib\\site-packages\\PyInstaller\\hooks\\pre_safe_import_module'
build / windows-x86_64	UNKNOWN STEP	2026-04-24T21:59:50.8124735Z 31337 INFO: Setuptools: 'tomli' appears to be a setuptools-vendored copy - creating alias to 'setuptools._vendor.tomli'!
build / windows-x86_64	UNKNOWN STEP	2026-04-24T21:59:50.8178310Z 31341 INFO: Processing standard module hook 'hook-setuptools.py' from 'C:\\hostedtoolcache\\windows\\Python\\3.12.10\\x64\\Lib\\site-packages\\PyInstaller\\hooks'
build / windows-x86_64	UNKNOWN STEP	2026-04-24T21:59:50.8301637Z 31355 INFO: Processing pre-safe-import-module hook 'hook-distutils.py' from 'C:\\hostedtoolcache\\windows\\Python\\3.12.10\\x64\\Lib\\site-packages\\PyInstaller\\hooks\\pre_safe_import_module'
build / windows-x86_64	UNKNOWN STEP	2026-04-24T21:59:50.8583535Z 31383 INFO: Processing pre-safe-import-module hook 'hook-jaraco.py' from 'C:\\hostedtoolcache\\windows\\Python\\3.12.10\\x64\\Lib\\site-packages\\PyInstaller\\hooks\\pre_safe_import_module'
build / windows-x86_64	UNKNOWN STEP	2026-04-24T21:59:50.8586073Z 31383 INFO: Setuptools: 'jaraco' appears to be a full setuptools-vendored copy - creating alias to 'setuptools._vendor.jaraco'!
build / windows-x86_64	UNKNOWN STEP	2026-04-24T21:59:50.8702162Z 31395 INFO: Processing pre-safe-import-module hook 'hook-more_itertools.py' from 'C:\\hostedtoolcache\\windows\\Python\\3.12.10\\x64\\Lib\\site-packages\\PyInstaller\\hooks\\pre_safe_import_module'
build / windows-x86_64	UNKNOWN STEP	2026-04-24T21:59:50.8705328Z 31395 INFO: Setuptools: 'more_itertools' appears to be a setuptools-vendored copy - creating alias to 'setuptools._vendor.more_itertools'!
build / windows-x86_64	UNKNOWN STEP	2026-04-24T21:59:51.6698992Z 32194 INFO: Processing standard module hook 'hook-setuptools._vendor.jaraco.text.py' from 'C:\\hostedtoolcache\\windows\\Python\\3.12.10\\x64\\Lib\\site-packages\\PyInstaller\\hooks'
build / windows-x86_64	UNKNOWN STEP	2026-04-24T21:59:51.6712516Z 32195 INFO: Processing pre-safe-import-module hook 'hook-importlib_resources.py' from 'C:\\hostedtoolcache\\windows\\Python\\3.12.10\\x64\\Lib\\site-packages\\PyInstaller\\hooks\\pre_safe_import_module'
build / windows-x86_64	UNKNOWN STEP	2026-04-24T21:59:51.6798030Z 32204 INFO: Processing pre-safe-import-module hook 'hook-backports.py' from 'C:\\hostedtoolcache\\windows\\Python\\3.12.10\\x64\\Lib\\site-packages\\PyInstaller\\hooks\\pre_safe_import_module'
build / windows-x86_64	UNKNOWN STEP	2026-04-24T21:59:51.6800681Z 32204 INFO: Setuptools: 'backports' appears to be a full setuptools-vendored copy - creating alias to 'setuptools._vendor.backports'!
build / windows-x86_64	UNKNOWN STEP	2026-04-24T21:59:51.8431467Z 32367 INFO: Processing pre-safe-import-module hook 'hook-importlib_metadata.py' from 'C:\\hostedtoolcache\\windows\\Python\\3.12.10\\x64\\Lib\\site-packages\\PyInstaller\\hooks\\pre_safe_import_module'
build / windows-x86_64	UNKNOWN STEP	2026-04-24T21:59:51.8433464Z 32367 INFO: Setuptools: 'importlib_metadata' appears to be a setuptools-vendored copy - creating alias to 'setuptools._vendor.importlib_metadata'!
build / windows-x86_64	UNKNOWN STEP	2026-04-24T21:59:51.8702399Z 32395 INFO: Processing standard module hook 'hook-setuptools._vendor.importlib_metadata.py' from 'C:\\hostedtoolcache\\windows\\Python\\3.12.10\\x64\\Lib\\site-packages\\PyInstaller\\hooks'
build / windows-x86_64	UNKNOWN STEP	2026-04-24T21:59:51.8932468Z 32416 INFO: Processing pre-safe-import-module hook 'hook-zipp.py' from 'C:\\hostedtoolcache\\windows\\Python\\3.12.10\\x64\\Lib\\site-packages\\PyInstaller\\hooks\\pre_safe_import_module'
build / windows-x86_64	UNKNOWN STEP	2026-04-24T21:59:51.8934609Z 32418 INFO: Setuptools: 'zipp' appears to be a setuptools-vendored copy - creating alias to 'setuptools._vendor.zipp'!
build / windows-x86_64	UNKNOWN STEP	2026-04-24T21:59:52.5511233Z 33075 INFO: Processing pre-safe-import-module hook 'hook-wheel.py' from 'C:\\hostedtoolcache\\windows\\Python\\3.12.10\\x64\\Lib\\site-packages\\PyInstaller\\hooks\\pre_safe_import_module'
build / windows-x86_64	UNKNOWN STEP	2026-04-24T21:59:52.6099149Z 33134 INFO: Analyzing hidden import 'pydantic.parse'
build / windows-x86_64	UNKNOWN STEP	2026-04-24T21:59:52.6105511Z 33134 INFO: Analyzing hidden import 'pydantic.schema'
build / windows-x86_64	UNKNOWN STEP	2026-04-24T21:59:52.6111097Z 33134 INFO: Analyzing hidden import 'pydantic.tools'
build / windows-x86_64	UNKNOWN STEP	2026-04-24T21:59:52.6117847Z 33136 INFO: Analyzing hidden import 'pydantic.typing'
build / windows-x86_64	UNKNOWN STEP	2026-04-24T21:59:52.6122964Z 33136 INFO: Analyzing hidden import 'pydantic.utils'
build / windows-x86_64	UNKNOWN STEP	2026-04-24T21:59:52.6128478Z 33136 INFO: Analyzing hidden import 'pydantic.v1._hypothesis_plugin'
build / windows-x86_64	UNKNOWN STEP	2026-04-24T21:59:52.6258422Z 33150 INFO: Analyzing hidden import 'pydantic.v1.generics'
build / windows-x86_64	UNKNOWN STEP	2026-04-24T21:59:52.6376990Z 33162 INFO: Analyzing hidden import 'pydantic.v1.mypy'
build / windows-x86_64	UNKNOWN STEP	2026-04-24T21:59:52.6671083Z 33191 INFO: Analyzing hidden import 'pydantic.validators'
build / windows-x86_64	UNKNOWN STEP	2026-04-24T21:59:52.6677631Z 33191 INFO: Analyzing hidden import 'multipart.decoders'
build / windows-x86_64	UNKNOWN STEP	2026-04-24T21:59:52.6682851Z 33191 INFO: Analyzing hidden import 'multipart.exceptions'
build / windows-x86_64	UNKNOWN STEP	2026-04-24T21:59:52.6688144Z 33193 INFO: Analyzing hidden import 'matplotlib.backends._backend_gtk'
build / windows-x86_64	UNKNOWN STEP	2026-04-24T21:59:52.6789103Z 33204 INFO: Analyzing hidden import 'matplotlib.backends._backend_pdf_ps'
build / windows-x86_64	UNKNOWN STEP	2026-04-24T21:59:55.0476278Z 35571 INFO: Analyzing hidden import 'matplotlib.backends._backend_tk'
build / windows-x86_64	UNKNOWN STEP	2026-04-24T21:59:55.0934541Z 35617 INFO: Analyzing hidden import 'matplotlib.backends.backend_cairo'
build / windows-x86_64	UNKNOWN STEP	2026-04-24T21:59:55.1135180Z 35637 INFO: Analyzing hidden import 'matplotlib.backends.backend_gtk3'
build / windows-x86_64	UNKNOWN STEP	2026-04-24T21:59:55.1346487Z 35658 INFO: Analyzing hidden import 'matplotlib.backends.backend_gtk3agg'
build / windows-x86_64	UNKNOWN STEP	2026-04-24T21:59:55.1383793Z 35662 INFO: Analyzing hidden import 'matplotlib.backends.backend_gtk3cairo'
build / windows-x86_64	UNKNOWN STEP	2026-04-24T21:59:55.1403723Z 35664 INFO: Analyzing hidden import 'matplotlib.backends.backend_gtk4'
build / windows-x86_64	UNKNOWN STEP	2026-04-24T21:59:55.1626542Z 35686 INFO: Analyzing hidden import 'matplotlib.backends.backend_gtk4agg'
build / windows-x86_64	UNKNOWN STEP	2026-04-24T21:59:55.1647180Z 35688 INFO: Analyzing hidden import 'matplotlib.backends.backend_gtk4cairo'
build / windows-x86_64	UNKNOWN STEP	2026-04-24T21:59:55.1663548Z 35690 INFO: Analyzing hidden import 'matplotlib.backends.backend_macosx'
build / windows-x86_64	UNKNOWN STEP	2026-04-24T21:59:55.1732631Z 35698 INFO: Analyzing hidden import 'matplotlib.backends.backend_mixed'
build / windows-x86_64	UNKNOWN STEP	2026-04-24T21:59:55.1757771Z 35700 INFO: Analyzing hidden import 'matplotlib.backends.backend_nbagg'
build / windows-x86_64	UNKNOWN STEP	2026-04-24T21:59:55.1835079Z 35708 INFO: Analyzing hidden import 'matplotlib.backends.backend_pdf'
build / windows-x86_64	UNKNOWN STEP	2026-04-24T21:59:55.3001227Z 35824 INFO: Analyzing hidden import 'matplotlib.backends.backend_pgf'
build / windows-x86_64	UNKNOWN STEP	2026-04-24T21:59:55.3299797Z 35855 INFO: Analyzing hidden import 'matplotlib.backends.backend_ps'
build / windows-x86_64	UNKNOWN STEP	2026-04-24T21:59:55.3797179Z 35904 INFO: Analyzing hidden import 'matplotlib.backends.backend_qt'
build / windows-x86_64	UNKNOWN STEP	2026-04-24T21:59:55.4304176Z 35954 INFO: Processing standard module hook 'hook-matplotlib.backends.qt_compat.py' from 'C:\\hostedtoolcache\\windows\\Python\\3.12.10\\x64\\Lib\\site-packages\\PyInstaller\\hooks'
build / windows-x86_64	UNKNOWN STEP	2026-04-24T21:59:55.6438916Z 36168 WARNING: hook-matplotlib.backends.qt_compat: no Qt bindings are available!
build / windows-x86_64	UNKNOWN STEP	2026-04-24T21:59:55.6681120Z 36192 INFO: Analyzing hidden import 'matplotlib.backends.backend_qt5'
build / windows-x86_64	UNKNOWN STEP	2026-04-24T21:59:55.6696298Z 36194 INFO: Analyzing hidden import 'matplotlib.backends.backend_qt5agg'
build / windows-x86_64	UNKNOWN STEP	2026-04-24T21:59:55.6727783Z 36196 INFO: Processing standard module hook 'hook-matplotlib.backends.backend_qtagg.py' from 'C:\\hostedtoolcache\\windows\\Python\\3.12.10\\x64\\Lib\\site-packages\\PyInstaller\\hooks'
build / windows-x86_64	UNKNOWN STEP	2026-04-24T21:59:55.6734344Z 36198 INFO: Analyzing hidden import 'matplotlib.backends.backend_qt5cairo'
build / windows-x86_64	UNKNOWN STEP	2026-04-24T21:59:55.6762847Z 36200 INFO: Processing standard module hook 'hook-matplotlib.backends.backend_qtcairo.py' from 'C:\\hostedtoolcache\\windows\\Python\\3.12.10\\x64\\Lib\\site-packages\\PyInstaller\\hooks'
build / windows-x86_64	UNKNOWN STEP	2026-04-24T21:59:55.6768595Z 36200 INFO: Analyzing hidden import 'matplotlib.backends.backend_svg'
build / windows-x86_64	UNKNOWN STEP	2026-04-24T21:59:55.7237182Z 36248 INFO: Analyzing hidden import 'matplotlib.backends.backend_template'
build / windows-x86_64	UNKNOWN STEP	2026-04-24T21:59:55.7263801Z 36250 INFO: Analyzing hidden import 'matplotlib.backends.backend_tkagg'
build / windows-x86_64	UNKNOWN STEP	2026-04-24T21:59:55.7277667Z 36252 INFO: Analyzing hidden import 'matplotlib.backends.backend_tkcairo'
build / windows-x86_64	UNKNOWN STEP	2026-04-24T21:59:55.7293767Z 36252 INFO: Analyzing hidden import 'matplotlib.backends.backend_wx'
build / windows-x86_64	UNKNOWN STEP	2026-04-24T21:59:55.7805014Z 36304 INFO: Analyzing hidden import 'matplotlib.backends.backend_wxagg'
build / windows-x86_64	UNKNOWN STEP	2026-04-24T21:59:55.7828798Z 36306 INFO: Analyzing hidden import 'matplotlib.backends.backend_wxcairo'
build / windows-x86_64	UNKNOWN STEP	2026-04-24T21:59:55.7845890Z 36308 INFO: Analyzing hidden import 'mantisanalysis.__main__'
build / windows-x86_64	UNKNOWN STEP	2026-04-24T21:59:55.7853503Z 36310 INFO: Analyzing hidden import 'mantisanalysis.dof_analysis'
build / windows-x86_64	UNKNOWN STEP	2026-04-24T21:59:55.8111934Z 36336 INFO: Processing standard module hook 'hook-scipy.py' from 'C:\\hostedtoolcache\\windows\\Python\\3.12.10\\x64\\Lib\\site-packages\\PyInstaller\\hooks'
build / windows-x86_64	UNKNOWN STEP	2026-04-24T21:59:56.9008221Z 37424 INFO: Processing standard module hook 'hook-scipy.special._ufuncs.py' from 'C:\\hostedtoolcache\\windows\\Python\\3.12.10\\x64\\Lib\\site-packages\\PyInstaller\\hooks'
build / windows-x86_64	UNKNOWN STEP	2026-04-24T21:59:57.0497530Z 37572 INFO: Processing standard module hook 'hook-scipy.linalg.py' from 'C:\\hostedtoolcache\\windows\\Python\\3.12.10\\x64\\Lib\\site-packages\\PyInstaller\\hooks'
build / windows-x86_64	UNKNOWN STEP	2026-04-24T21:59:59.1535275Z 39677 INFO: Processing standard module hook 'hook-scipy.spatial._ckdtree.py' from 'C:\\hostedtoolcache\\windows\\Python\\3.12.10\\x64\\Lib\\site-packages\\PyInstaller\\hooks'
build / windows-x86_64	UNKNOWN STEP	2026-04-24T21:59:59.7087448Z 40233 INFO: Processing standard module hook 'hook-scipy.spatial.transform.rotation.py' from 'C:\\hostedtoolcache\\windows\\Python\\3.12.10\\x64\\Lib\\site-packages\\PyInstaller\\hooks'
build / windows-x86_64	UNKNOWN STEP	2026-04-24T22:00:00.6690181Z 41193 INFO: Processing standard module hook 'hook-scipy.stats._stats.py' from 'C:\\hostedtoolcache\\windows\\Python\\3.12.10\\x64\\Lib\\site-packages\\PyInstaller\\hooks'
build / windows-x86_64	UNKNOWN STEP	2026-04-24T22:00:01.1713462Z 41695 INFO: Processing standard module hook 'hook-scipy.sparse.csgraph.py' from 'C:\\hostedtoolcache\\windows\\Python\\3.12.10\\x64\\Lib\\site-packages\\PyInstaller\\hooks'
build / windows-x86_64	UNKNOWN STEP	2026-04-24T22:00:01.9589355Z 42482 INFO: Processing standard module hook 'hook-scipy.special._ellip_harm_2.py' from 'C:\\hostedtoolcache\\windows\\Python\\3.12.10\\x64\\Lib\\site-packages\\PyInstaller\\hooks'
build / windows-x86_64	UNKNOWN STEP	2026-04-24T22:00:01.9824990Z 42507 INFO: Analyzing hidden import 'mantisanalysis.dof_render'
build / windows-x86_64	UNKNOWN STEP	2026-04-24T22:00:02.0137534Z 42538 INFO: Analyzing hidden import 'mantisanalysis.figures'
build / windows-x86_64	UNKNOWN STEP	2026-04-24T22:00:02.6274596Z 43151 INFO: Analyzing hidden import 'mantisanalysis.resolution'
build / windows-x86_64	UNKNOWN STEP	2026-04-24T22:00:02.6378062Z 43161 INFO: Analyzing hidden import 'mantisanalysis.server'
build / windows-x86_64	UNKNOWN STEP	2026-04-24T22:00:02.6977392Z 43222 INFO: Analyzing hidden import 'mantisanalysis.usaf_figures'
build / windows-x86_64	UNKNOWN STEP	2026-04-24T22:00:02.7205656Z 43244 INFO: Processing module hooks (post-graph stage)...
build / windows-x86_64	UNKNOWN STEP	2026-04-24T22:00:02.7344343Z 43258 WARNING: Hidden import "tzdata" not found!
build / windows-x86_64	UNKNOWN STEP	2026-04-24T22:00:02.7422567Z 43266 INFO: Processing standard module hook 'hook-matplotlib.backends.py' from 'C:\\hostedtoolcache\\windows\\Python\\3.12.10\\x64\\Lib\\site-packages\\PyInstaller\\hooks'
build / windows-x86_64	UNKNOWN STEP	2026-04-24T22:00:02.7426342Z 43266 INFO: Matplotlib backend selection method: automatic discovery of used backends
build / windows-x86_64	UNKNOWN STEP	2026-04-24T22:00:02.8227372Z 43347 INFO: Discovered Matplotlib backend(s) via `matplotlib.use()` call in module 'mantisanalysis.session': ['Agg']
build / windows-x86_64	UNKNOWN STEP	2026-04-24T22:00:02.8268375Z 43351 INFO: Discovered Matplotlib backend(s) via `matplotlib.use()` call in module 'mantisanalysis.figures': ['Agg']
build / windows-x86_64	UNKNOWN STEP	2026-04-24T22:00:02.8356297Z 43359 INFO: Discovered Matplotlib backend(s) via `matplotlib.use()` call in module 'mantisanalysis.usaf_figures': ['Agg']
build / windows-x86_64	UNKNOWN STEP	2026-04-24T22:00:02.8358846Z 43359 INFO: The following Matplotlib backends were discovered by scanning for `matplotlib.use()` calls: ['Agg']. If your backend of choice is not in this list, either add a `matplotlib.use()` call to your code, or configure the backend collection via hook options (see: https://pyinstaller.org/en/stable/hooks-config.html#matplotlib-hooks).
build / windows-x86_64	UNKNOWN STEP	2026-04-24T22:00:02.8361709Z 43359 INFO: Selected matplotlib backends: ['Agg']
build / windows-x86_64	UNKNOWN STEP	2026-04-24T22:00:03.0991674Z 43622 INFO: Processing standard module hook 'hook-PIL.SpiderImagePlugin.py' from 'C:\\hostedtoolcache\\windows\\Python\\3.12.10\\x64\\Lib\\site-packages\\PyInstaller\\hooks'
build / windows-x86_64	UNKNOWN STEP	2026-04-24T22:00:03.1522470Z 43676 WARNING: Hidden import "scipy.special._cdflib" not found!
build / windows-x86_64	UNKNOWN STEP	2026-04-24T22:00:03.3891642Z 43912 INFO: Performing binary vs. data reclassification (325 entries)
build / windows-x86_64	UNKNOWN STEP	2026-04-24T22:00:03.4110741Z 43935 INFO: Looking for ctypes DLLs
build / windows-x86_64	UNKNOWN STEP	2026-04-24T22:00:03.5352208Z 44059 INFO: Analyzing run-time hooks ...
build / windows-x86_64	UNKNOWN STEP	2026-04-24T22:00:03.5462185Z 44071 INFO: Including run-time hook 'pyi_rth_pkgutil.py' from 'C:\\hostedtoolcache\\windows\\Python\\3.12.10\\x64\\Lib\\site-packages\\PyInstaller\\hooks\\rthooks'
build / windows-x86_64	UNKNOWN STEP	2026-04-24T22:00:03.5487515Z 44074 INFO: Including run-time hook 'pyi_rth_mplconfig.py' from 'C:\\hostedtoolcache\\windows\\Python\\3.12.10\\x64\\Lib\\site-packages\\PyInstaller\\hooks\\rthooks'
build / windows-x86_64	UNKNOWN STEP	2026-04-24T22:00:03.5498824Z 44074 INFO: Processing pre-find-module-path hook 'hook-_pyi_rth_utils.py' from 'C:\\hostedtoolcache\\windows\\Python\\3.12.10\\x64\\Lib\\site-packages\\PyInstaller\\hooks\\pre_find_module_path'
build / windows-x86_64	UNKNOWN STEP	2026-04-24T22:00:03.5511949Z 44076 INFO: Processing standard module hook 'hook-_pyi_rth_utils.py' from 'C:\\hostedtoolcache\\windows\\Python\\3.12.10\\x64\\Lib\\site-packages\\PyInstaller\\hooks'
build / windows-x86_64	UNKNOWN STEP	2026-04-24T22:00:03.5596877Z 44083 INFO: Including run-time hook 'pyi_rth_inspect.py' from 'C:\\hostedtoolcache\\windows\\Python\\3.12.10\\x64\\Lib\\site-packages\\PyInstaller\\hooks\\rthooks'
build / windows-x86_64	UNKNOWN STEP	2026-04-24T22:00:03.5623865Z 44087 INFO: Including run-time hook 'pyi_rth_setuptools.py' from 'C:\\hostedtoolcache\\windows\\Python\\3.12.10\\x64\\Lib\\site-packages\\PyInstaller\\hooks\\rthooks'
build / windows-x86_64	UNKNOWN STEP	2026-04-24T22:00:03.5637501Z 44087 INFO: Including run-time hook 'pyi_rth_multiprocessing.py' from 'C:\\hostedtoolcache\\windows\\Python\\3.12.10\\x64\\Lib\\site-packages\\PyInstaller\\hooks\\rthooks'
build / windows-x86_64	UNKNOWN STEP	2026-04-24T22:00:03.6072218Z 44130 INFO: Creating base_library.zip...
build / windows-x86_64	UNKNOWN STEP	2026-04-24T22:00:03.6288886Z 44152 INFO: Looking for dynamic libraries
build / windows-x86_64	UNKNOWN STEP	2026-04-24T22:00:09.1097177Z Matplotlib is building the font cache; this may take a moment.
build / windows-x86_64	UNKNOWN STEP	2026-04-24T22:00:18.2609031Z 58785 INFO: Extra DLL search directories (AddDllDirectory): ['C:\\hostedtoolcache\\windows\\Python\\3.12.10\\x64\\Lib\\site-packages\\numpy.libs', 'C:\\hostedtoolcache\\windows\\Python\\3.12.10\\x64\\Lib\\site-packages\\scipy.libs']
build / windows-x86_64	UNKNOWN STEP	2026-04-24T22:00:18.2610045Z 58785 INFO: Extra DLL search directories (PATH): []
build / windows-x86_64	UNKNOWN STEP	2026-04-24T22:00:21.6329253Z 62157 INFO: Warnings written to D:\a\MantisAnalysis\MantisAnalysis\build\mantisanalysis\warn-mantisanalysis.txt
build / windows-x86_64	UNKNOWN STEP	2026-04-24T22:00:21.8157108Z 62340 INFO: Graph cross-reference written to D:\a\MantisAnalysis\MantisAnalysis\build\mantisanalysis\xref-mantisanalysis.html
build / windows-x86_64	UNKNOWN STEP	2026-04-24T22:00:21.8857357Z 62410 INFO: checking PYZ
build / windows-x86_64	UNKNOWN STEP	2026-04-24T22:00:21.8857924Z 62410 INFO: Building PYZ because PYZ-00.toc is non existent
build / windows-x86_64	UNKNOWN STEP	2026-04-24T22:00:21.8858820Z 62410 INFO: Building PYZ (ZlibArchive) D:\a\MantisAnalysis\MantisAnalysis\build\mantisanalysis\PYZ-00.pyz
build / windows-x86_64	UNKNOWN STEP	2026-04-24T22:00:24.0119841Z 64536 INFO: Building PYZ (ZlibArchive) D:\a\MantisAnalysis\MantisAnalysis\build\mantisanalysis\PYZ-00.pyz completed successfully.
build / windows-x86_64	UNKNOWN STEP	2026-04-24T22:00:24.0576176Z 64582 INFO: checking PKG
build / windows-x86_64	UNKNOWN STEP	2026-04-24T22:00:24.0576707Z 64582 INFO: Building PKG because PKG-00.toc is non existent
build / windows-x86_64	UNKNOWN STEP	2026-04-24T22:00:24.0577315Z 64582 INFO: Building PKG (CArchive) MantisAnalysis.pkg
build / windows-x86_64	UNKNOWN STEP	2026-04-24T22:00:24.0833903Z 64608 INFO: Building PKG (CArchive) MantisAnalysis.pkg completed successfully.
build / windows-x86_64	UNKNOWN STEP	2026-04-24T22:00:24.0842635Z 64608 INFO: Bootloader C:\hostedtoolcache\windows\Python\3.12.10\x64\Lib\site-packages\PyInstaller\bootloader\Windows-64bit-intel\run.exe
build / windows-x86_64	UNKNOWN STEP	2026-04-24T22:00:24.0843595Z 64608 INFO: checking EXE
build / windows-x86_64	UNKNOWN STEP	2026-04-24T22:00:24.0844005Z 64608 INFO: Building EXE because EXE-00.toc is non existent
build / windows-x86_64	UNKNOWN STEP	2026-04-24T22:00:24.0844512Z 64608 INFO: Building EXE from EXE-00.toc
build / windows-x86_64	UNKNOWN STEP	2026-04-24T22:00:24.0846115Z 64608 INFO: Copying bootloader EXE to D:\a\MantisAnalysis\MantisAnalysis\build\mantisanalysis\MantisAnalysis.exe
build / windows-x86_64	UNKNOWN STEP	2026-04-24T22:00:24.0867899Z 64610 INFO: Copying icon to EXE
build / windows-x86_64	UNKNOWN STEP	2026-04-24T22:00:24.0887053Z 64612 INFO: Copying 0 resources to EXE
build / windows-x86_64	UNKNOWN STEP	2026-04-24T22:00:24.0887502Z 64612 INFO: Embedding manifest in EXE
build / windows-x86_64	UNKNOWN STEP	2026-04-24T22:00:24.0903352Z 64614 INFO: Appending PKG archive to EXE
build / windows-x86_64	UNKNOWN STEP	2026-04-24T22:00:24.1005605Z 64624 INFO: Fixing EXE headers
build / windows-x86_64	UNKNOWN STEP	2026-04-24T22:00:24.2475005Z 64772 INFO: Building EXE from EXE-00.toc completed successfully.
build / windows-x86_64	UNKNOWN STEP	2026-04-24T22:00:24.2538289Z 64778 INFO: checking COLLECT
build / windows-x86_64	UNKNOWN STEP	2026-04-24T22:00:24.2539400Z 64778 INFO: Building COLLECT because COLLECT-00.toc is non existent
build / windows-x86_64	UNKNOWN STEP	2026-04-24T22:00:24.2541752Z 64778 INFO: Building COLLECT COLLECT-00.toc
build / windows-x86_64	UNKNOWN STEP	2026-04-24T22:00:24.8696771Z 65393 INFO: Building COLLECT COLLECT-00.toc completed successfully.
build / windows-x86_64	UNKNOWN STEP	2026-04-24T22:00:24.8815309Z 65405 INFO: Build complete! The results are available in: D:\a\MantisAnalysis\MantisAnalysis\dist
build / windows-x86_64	UNKNOWN STEP	2026-04-24T22:00:25.0857302Z Traceback (most recent call last):
build / windows-x86_64	UNKNOWN STEP	2026-04-24T22:00:25.0865976Z   File "D:\a\MantisAnalysis\MantisAnalysis\packaging\build.py", line 125, in <module>
build / windows-x86_64	UNKNOWN STEP	2026-04-24T22:00:25.0866737Z     sys.exit(main())
build / windows-x86_64	UNKNOWN STEP	2026-04-24T22:00:25.0867036Z              ^^^^^^
build / windows-x86_64	UNKNOWN STEP	2026-04-24T22:00:25.0867593Z   File "D:\a\MantisAnalysis\MantisAnalysis\packaging\build.py", line 117, in main
build / windows-x86_64	UNKNOWN STEP	2026-04-24T22:00:25.0868544Z     out = _archive()
build / windows-x86_64	UNKNOWN STEP	2026-04-24T22:00:25.0868813Z           ^^^^^^^^^^
build / windows-x86_64	UNKNOWN STEP	2026-04-24T22:00:25.0869416Z   File "D:\a\MantisAnalysis\MantisAnalysis\packaging\build.py", line 91, in _archive
build / windows-x86_64	UNKNOWN STEP	2026-04-24T22:00:25.0870057Z     print(f"-- zipping {src} \u2192 {out}")
build / windows-x86_64	UNKNOWN STEP	2026-04-24T22:00:25.0870808Z   File "C:\hostedtoolcache\windows\Python\3.12.10\x64\Lib\encodings\cp1252.py", line 19, in encode
build / windows-x86_64	UNKNOWN STEP	2026-04-24T22:00:25.0871638Z     return codecs.charmap_encode(input,self.errors,encoding_table)[0]
build / windows-x86_64	UNKNOWN STEP	2026-04-24T22:00:25.0872173Z            ^^^^^^^^^^^^^^^^^^^^^^^^^^^^^^^^^^^^^^^^^^^^^^^^^^^^^^^
build / windows-x86_64	UNKNOWN STEP	2026-04-24T22:00:25.0872947Z UnicodeEncodeError: 'charmap' codec can't encode character '\u2192' in position 66: character maps to <undefined>
build / windows-x86_64	UNKNOWN STEP	2026-04-24T22:00:25.1031285Z ##[error]Process completed with exit code 1.
build / windows-x86_64	UNKNOWN STEP	2026-04-24T22:00:25.1261465Z Post job cleanup.
build / windows-x86_64	UNKNOWN STEP	2026-04-24T22:00:25.3489372Z [command]"C:\Program Files\Git\bin\git.exe" version
build / windows-x86_64	UNKNOWN STEP	2026-04-24T22:00:25.3854465Z git version 2.53.0.windows.2
build / windows-x86_64	UNKNOWN STEP	2026-04-24T22:00:25.3945576Z Temporarily overriding HOME='D:\a\_temp\6feaf47a-17e4-4215-8d2d-c26c2cc74839' before making global git config changes
build / windows-x86_64	UNKNOWN STEP	2026-04-24T22:00:25.3946692Z Adding repository directory to the temporary git global config as a safe directory
build / windows-x86_64	UNKNOWN STEP	2026-04-24T22:00:25.3958181Z [command]"C:\Program Files\Git\bin\git.exe" config --global --add safe.directory D:\a\MantisAnalysis\MantisAnalysis
build / windows-x86_64	UNKNOWN STEP	2026-04-24T22:00:25.4344191Z [command]"C:\Program Files\Git\bin\git.exe" config --local --name-only --get-regexp core\.sshCommand
build / windows-x86_64	UNKNOWN STEP	2026-04-24T22:00:25.4703907Z [command]"C:\Program Files\Git\bin\git.exe" submodule foreach --recursive "sh -c \"git config --local --name-only --get-regexp 'core\.sshCommand' && git config --local --unset-all 'core.sshCommand' || :\""
build / windows-x86_64	UNKNOWN STEP	2026-04-24T22:00:26.0500412Z [command]"C:\Program Files\Git\bin\git.exe" config --local --name-only --get-regexp http\.https\:\/\/github\.com\/\.extraheader
build / windows-x86_64	UNKNOWN STEP	2026-04-24T22:00:26.0778724Z http.https://github.com/.extraheader
build / windows-x86_64	UNKNOWN STEP	2026-04-24T22:00:26.0829949Z [command]"C:\Program Files\Git\bin\git.exe" config --local --unset-all http.https://github.com/.extraheader
build / windows-x86_64	UNKNOWN STEP	2026-04-24T22:00:26.1176113Z [command]"C:\Program Files\Git\bin\git.exe" submodule foreach --recursive "sh -c \"git config --local --name-only --get-regexp 'http\.https\:\/\/github\.com\/\.extraheader' && git config --local --unset-all 'http.https://github.com/.extraheader' || :\""
build / windows-x86_64	UNKNOWN STEP	2026-04-24T22:00:26.6630378Z [command]"C:\Program Files\Git\bin\git.exe" config --local --name-only --get-regexp ^includeIf\.gitdir:
build / windows-x86_64	UNKNOWN STEP	2026-04-24T22:00:26.6951795Z [command]"C:\Program Files\Git\bin\git.exe" submodule foreach --recursive "git config --local --show-origin --name-only --get-regexp remote.origin.url"
build / windows-x86_64	UNKNOWN STEP	2026-04-24T22:00:27.2404215Z Cleaning up orphan processes
build / windows-x86_64	UNKNOWN STEP	2026-04-24T22:00:27.2703422Z ##[warning]Node.js 20 actions are deprecated. The following actions are running on Node.js 20 and may not work as expected: actions/checkout@v4, actions/setup-python@v5. Actions will be forced to run with Node.js 24 by default starting June 2nd, 2026. Node.js 20 will be removed from the runner on September 16th, 2026. Please check if updated versions of these actions are available that support Node.js 24. To opt into Node.js 24 now, set the FORCE_JAVASCRIPT_ACTIONS_TO_NODE24=true environment variable on the runner or in your workflow file. Once Node.js 24 becomes the default, you can temporarily opt out by setting ACTIONS_ALLOW_USE_UNSECURE_NODE_VERSION=true. For more information see: https://github.blog/changelog/2025-09-19-deprecation-of-node-20-on-github-actions-runners/
